[2025-04-07 11:03:00] Watching for file changes with StatReloader
[2025-04-07 11:04:11] C:\Users\qiuqi\Desktop\km-system-v2\kmhub\appAdmin\views\resources_post_view.py changed, reloading.
[2025-04-07 11:04:12] Watching for file changes with StatReloader
[2025-04-07 11:04:39] Internal Server Error: /admin/new-resources-post/
Traceback (most recent call last):
  File "C:\Users\qiuqi\Desktop\km-system-v2\km-env\lib\site-packages\django\core\handlers\exception.py", line 55, in inner
    response = get_response(request)
  File "C:\Users\qiuqi\Desktop\km-system-v2\km-env\lib\site-packages\django\core\handlers\base.py", line 197, in _get_response
    response = wrapped_callback(request, *callback_args, **callback_kwargs)
  File "C:\Users\qiuqi\AppData\Local\Programs\Python\Python310\lib\contextlib.py", line 79, in inner
    return func(*args, **kwds)
  File "C:\Users\qiuqi\Desktop\km-system-v2\kmhub\appAdmin\views\resources_post_view.py", line 166, in admin_add_resources_post
    knowledge_resources = ResourceMetadata.objects.filter(is_template=True)
  File "C:\Users\qiuqi\Desktop\km-system-v2\km-env\lib\site-packages\django\db\models\manager.py", line 87, in manager_method
    return getattr(self.get_queryset(), name)(*args, **kwargs)
  File "C:\Users\qiuqi\Desktop\km-system-v2\km-env\lib\site-packages\django\db\models\query.py", line 1436, in filter
    return self._filter_or_exclude(False, args, kwargs)
  File "C:\Users\qiuqi\Desktop\km-system-v2\km-env\lib\site-packages\django\db\models\query.py", line 1454, in _filter_or_exclude
    clone._filter_or_exclude_inplace(negate, args, kwargs)
  File "C:\Users\qiuqi\Desktop\km-system-v2\km-env\lib\site-packages\django\db\models\query.py", line 1461, in _filter_or_exclude_inplace
    self._query.add_q(Q(*args, **kwargs))
  File "C:\Users\qiuqi\Desktop\km-system-v2\km-env\lib\site-packages\django\db\models\sql\query.py", line 1545, in add_q
    clause, _ = self._add_q(q_object, self.used_aliases)
  File "C:\Users\qiuqi\Desktop\km-system-v2\km-env\lib\site-packages\django\db\models\sql\query.py", line 1576, in _add_q
    child_clause, needed_inner = self.build_filter(
  File "C:\Users\qiuqi\Desktop\km-system-v2\km-env\lib\site-packages\django\db\models\sql\query.py", line 1426, in build_filter
    lookups, parts, reffed_expression = self.solve_lookup_type(arg, summarize)
  File "C:\Users\qiuqi\Desktop\km-system-v2\km-env\lib\site-packages\django\db\models\sql\query.py", line 1236, in solve_lookup_type
    _, field, _, lookup_parts = self.names_to_path(lookup_splitted, self.get_meta())
  File "C:\Users\qiuqi\Desktop\km-system-v2\km-env\lib\site-packages\django\db\models\sql\query.py", line 1724, in names_to_path
    raise FieldError(
django.core.exceptions.FieldError: Cannot resolve keyword 'is_template' into field. Choices are: commodities, created_at, created_by, created_by_id, description, event, id, information_system, is_approved, is_featured, map, media, news, policy, product, project, publication, resource_type, slug, tags, technology, title, training_seminar, updated_at, webinar
[2025-04-07 11:04:39] Not Found: /favicon.ico
[2025-04-07 11:05:36] C:\Users\qiuqi\Desktop\km-system-v2\kmhub\appAdmin\views\resources_post_view.py changed, reloading.
[2025-04-07 11:05:37] Watching for file changes with StatReloader
[2025-04-07 11:05:42] C:\Users\qiuqi\Desktop\km-system-v2\kmhub\appAdmin\views\resources_post_view.py changed, reloading.
[2025-04-07 11:05:43] Watching for file changes with StatReloader
[2025-04-07 11:09:01] C:\Users\qiuqi\Desktop\km-system-v2\kmhub\appAdmin\views\resources_post_view.py changed, reloading.
[2025-04-07 11:09:02] Watching for file changes with StatReloader
[2025-04-07 11:09:33] C:\Users\qiuqi\Desktop\km-system-v2\kmhub\appAdmin\views\resources_post_view.py changed, reloading.
[2025-04-07 11:09:34] Watching for file changes with StatReloader
[2025-04-07 11:09:49] Not Found: /sourceMap/assets/css/shadow.css.map
[2025-04-07 11:09:49] Not Found: /sourceMap/assets/css/shadow.css.map
[2025-04-07 11:19:30] C:\Users\qiuqi\Desktop\km-system-v2\kmhub\appAdmin\views\resources_post_view.py changed, reloading.
[2025-04-07 11:19:31] Watching for file changes with StatReloader
[2025-04-07 11:19:46] Not Found: /sourceMap/assets/css/shadow.css.map
[2025-04-07 11:19:46] Not Found: /sourceMap/assets/css/shadow.css.map
[2025-04-07 11:20:45] Internal Server Error: /admin/new-resources-post/
Traceback (most recent call last):
  File "C:\Users\qiuqi\Desktop\km-system-v2\km-env\lib\site-packages\django\db\backends\utils.py", line 89, in _execute
    return self.cursor.execute(sql, params)
  File "C:\Users\qiuqi\Desktop\km-system-v2\km-env\lib\site-packages\django\db\backends\mysql\base.py", line 75, in execute
    return self.cursor.execute(query, args)
  File "C:\Users\qiuqi\Desktop\km-system-v2\km-env\lib\site-packages\MySQLdb\cursors.py", line 179, in execute
    res = self._query(mogrified_query)
  File "C:\Users\qiuqi\Desktop\km-system-v2\km-env\lib\site-packages\MySQLdb\cursors.py", line 330, in _query
    db.query(q)
  File "C:\Users\qiuqi\Desktop\km-system-v2\km-env\lib\site-packages\MySQLdb\connections.py", line 257, in query
    _mysql.connection.query(self, query)
MySQLdb.DataError: (1406, "Data too long for column 'resource_type' at row 1")

The above exception was the direct cause of the following exception:

Traceback (most recent call last):
  File "C:\Users\qiuqi\Desktop\km-system-v2\kmhub\appAdmin\views\resources_post_view.py", line 203, in admin_add_resources_post
    metadata = ResourceMetadata.objects.create(
  File "C:\Users\qiuqi\Desktop\km-system-v2\km-env\lib\site-packages\django\db\models\manager.py", line 87, in manager_method
    return getattr(self.get_queryset(), name)(*args, **kwargs)
  File "C:\Users\qiuqi\Desktop\km-system-v2\km-env\lib\site-packages\django\db\models\query.py", line 658, in create
    obj.save(force_insert=True, using=self.db)
  File "C:\Users\qiuqi\Desktop\km-system-v2\km-env\lib\site-packages\django\db\models\base.py", line 814, in save
    self.save_base(
  File "C:\Users\qiuqi\Desktop\km-system-v2\km-env\lib\site-packages\django\db\models\base.py", line 877, in save_base
    updated = self._save_table(
  File "C:\Users\qiuqi\Desktop\km-system-v2\km-env\lib\site-packages\django\db\models\base.py", line 1020, in _save_table
    results = self._do_insert(
  File "C:\Users\qiuqi\Desktop\km-system-v2\km-env\lib\site-packages\django\db\models\base.py", line 1061, in _do_insert
    return manager._insert(
  File "C:\Users\qiuqi\Desktop\km-system-v2\km-env\lib\site-packages\django\db\models\manager.py", line 87, in manager_method
    return getattr(self.get_queryset(), name)(*args, **kwargs)
  File "C:\Users\qiuqi\Desktop\km-system-v2\km-env\lib\site-packages\django\db\models\query.py", line 1805, in _insert
    return query.get_compiler(using=using).execute_sql(returning_fields)
  File "C:\Users\qiuqi\Desktop\km-system-v2\km-env\lib\site-packages\django\db\models\sql\compiler.py", line 1822, in execute_sql
    cursor.execute(sql, params)
  File "C:\Users\qiuqi\Desktop\km-system-v2\km-env\lib\site-packages\django\db\backends\utils.py", line 102, in execute
    return super().execute(sql, params)
  File "C:\Users\qiuqi\Desktop\km-system-v2\km-env\lib\site-packages\django\db\backends\utils.py", line 67, in execute
    return self._execute_with_wrappers(
  File "C:\Users\qiuqi\Desktop\km-system-v2\km-env\lib\site-packages\django\db\backends\utils.py", line 80, in _execute_with_wrappers
    return executor(sql, params, many, context)
  File "C:\Users\qiuqi\Desktop\km-system-v2\km-env\lib\site-packages\django\db\backends\utils.py", line 84, in _execute
    with self.db.wrap_database_errors:
  File "C:\Users\qiuqi\Desktop\km-system-v2\km-env\lib\site-packages\django\db\utils.py", line 91, in __exit__
    raise dj_exc_value.with_traceback(traceback) from exc_value
  File "C:\Users\qiuqi\Desktop\km-system-v2\km-env\lib\site-packages\django\db\backends\utils.py", line 89, in _execute
    return self.cursor.execute(sql, params)
  File "C:\Users\qiuqi\Desktop\km-system-v2\km-env\lib\site-packages\django\db\backends\mysql\base.py", line 75, in execute
    return self.cursor.execute(query, args)
  File "C:\Users\qiuqi\Desktop\km-system-v2\km-env\lib\site-packages\MySQLdb\cursors.py", line 179, in execute
    res = self._query(mogrified_query)
  File "C:\Users\qiuqi\Desktop\km-system-v2\km-env\lib\site-packages\MySQLdb\cursors.py", line 330, in _query
    db.query(q)
  File "C:\Users\qiuqi\Desktop\km-system-v2\km-env\lib\site-packages\MySQLdb\connections.py", line 257, in query
    _mysql.connection.query(self, query)
django.db.utils.DataError: (1406, "Data too long for column 'resource_type' at row 1")

The above exception was the direct cause of the following exception:

Traceback (most recent call last):
  File "C:\Users\qiuqi\Desktop\km-system-v2\km-env\lib\site-packages\django\core\handlers\exception.py", line 55, in inner
    response = get_response(request)
  File "C:\Users\qiuqi\Desktop\km-system-v2\km-env\lib\site-packages\django\core\handlers\base.py", line 197, in _get_response
    response = wrapped_callback(request, *callback_args, **callback_kwargs)
  File "C:\Users\qiuqi\AppData\Local\Programs\Python\Python310\lib\contextlib.py", line 79, in inner
    return func(*args, **kwds)
  File "C:\Users\qiuqi\Desktop\km-system-v2\kmhub\appAdmin\views\resources_post_view.py", line 263, in admin_add_resources_post
    return render(request, "pages/resources-post.html", context)
  File "C:\Users\qiuqi\Desktop\km-system-v2\km-env\lib\site-packages\django\shortcuts.py", line 24, in render
    content = loader.render_to_string(template_name, context, request, using=using)
  File "C:\Users\qiuqi\Desktop\km-system-v2\km-env\lib\site-packages\django\template\loader.py", line 62, in render_to_string
    return template.render(context, request)
  File "C:\Users\qiuqi\Desktop\km-system-v2\km-env\lib\site-packages\django\template\backends\django.py", line 61, in render
    return self.template.render(context)
  File "C:\Users\qiuqi\Desktop\km-system-v2\km-env\lib\site-packages\django\template\base.py", line 175, in render
    return self._render(context)
  File "C:\Users\qiuqi\Desktop\km-system-v2\km-env\lib\site-packages\django\template\base.py", line 167, in _render
    return self.nodelist.render(context)
  File "C:\Users\qiuqi\Desktop\km-system-v2\km-env\lib\site-packages\django\template\base.py", line 1005, in render
    return SafeString("".join([node.render_annotated(context) for node in self]))
  File "C:\Users\qiuqi\Desktop\km-system-v2\km-env\lib\site-packages\django\template\base.py", line 1005, in <listcomp>
    return SafeString("".join([node.render_annotated(context) for node in self]))
  File "C:\Users\qiuqi\Desktop\km-system-v2\km-env\lib\site-packages\django\template\base.py", line 966, in render_annotated
    return self.render(context)
  File "C:\Users\qiuqi\Desktop\km-system-v2\km-env\lib\site-packages\django\template\loader_tags.py", line 157, in render
    return compiled_parent._render(context)
  File "C:\Users\qiuqi\Desktop\km-system-v2\km-env\lib\site-packages\django\template\base.py", line 167, in _render
    return self.nodelist.render(context)
  File "C:\Users\qiuqi\Desktop\km-system-v2\km-env\lib\site-packages\django\template\base.py", line 1005, in render
    return SafeString("".join([node.render_annotated(context) for node in self]))
  File "C:\Users\qiuqi\Desktop\km-system-v2\km-env\lib\site-packages\django\template\base.py", line 1005, in <listcomp>
    return SafeString("".join([node.render_annotated(context) for node in self]))
  File "C:\Users\qiuqi\Desktop\km-system-v2\km-env\lib\site-packages\django\template\base.py", line 966, in render_annotated
    return self.render(context)
  File "C:\Users\qiuqi\Desktop\km-system-v2\km-env\lib\site-packages\django\template\loader_tags.py", line 63, in render
    result = block.nodelist.render(context)
  File "C:\Users\qiuqi\Desktop\km-system-v2\km-env\lib\site-packages\django\template\base.py", line 1005, in render
    return SafeString("".join([node.render_annotated(context) for node in self]))
  File "C:\Users\qiuqi\Desktop\km-system-v2\km-env\lib\site-packages\django\template\base.py", line 1005, in <listcomp>
    return SafeString("".join([node.render_annotated(context) for node in self]))
  File "C:\Users\qiuqi\Desktop\km-system-v2\km-env\lib\site-packages\django\template\base.py", line 966, in render_annotated
    return self.render(context)
  File "C:\Users\qiuqi\Desktop\km-system-v2\km-env\lib\site-packages\django\template\loader_tags.py", line 208, in render
    return template.render(context)
  File "C:\Users\qiuqi\Desktop\km-system-v2\km-env\lib\site-packages\django\template\base.py", line 177, in render
    return self._render(context)
  File "C:\Users\qiuqi\Desktop\km-system-v2\km-env\lib\site-packages\django\template\base.py", line 167, in _render
    return self.nodelist.render(context)
  File "C:\Users\qiuqi\Desktop\km-system-v2\km-env\lib\site-packages\django\template\base.py", line 1005, in render
    return SafeString("".join([node.render_annotated(context) for node in self]))
  File "C:\Users\qiuqi\Desktop\km-system-v2\km-env\lib\site-packages\django\template\base.py", line 1005, in <listcomp>
    return SafeString("".join([node.render_annotated(context) for node in self]))
  File "C:\Users\qiuqi\Desktop\km-system-v2\km-env\lib\site-packages\django\template\base.py", line 966, in render_annotated
    return self.render(context)
  File "C:\Users\qiuqi\Desktop\km-system-v2\km-env\lib\site-packages\django\template\defaulttags.py", line 194, in render
    len_values = len(values)
  File "C:\Users\qiuqi\Desktop\km-system-v2\km-env\lib\site-packages\django\db\models\query.py", line 380, in __len__
    self._fetch_all()
  File "C:\Users\qiuqi\Desktop\km-system-v2\km-env\lib\site-packages\django\db\models\query.py", line 1881, in _fetch_all
    self._result_cache = list(self._iterable_class(self))
  File "C:\Users\qiuqi\Desktop\km-system-v2\km-env\lib\site-packages\django\db\models\query.py", line 91, in __iter__
    results = compiler.execute_sql(
  File "C:\Users\qiuqi\Desktop\km-system-v2\km-env\lib\site-packages\django\db\models\sql\compiler.py", line 1562, in execute_sql
    cursor.execute(sql, params)
  File "C:\Users\qiuqi\Desktop\km-system-v2\km-env\lib\site-packages\django\db\backends\utils.py", line 102, in execute
    return super().execute(sql, params)
  File "C:\Users\qiuqi\Desktop\km-system-v2\km-env\lib\site-packages\django\db\backends\utils.py", line 67, in execute
    return self._execute_with_wrappers(
  File "C:\Users\qiuqi\Desktop\km-system-v2\km-env\lib\site-packages\django\db\backends\utils.py", line 80, in _execute_with_wrappers
    return executor(sql, params, many, context)
  File "C:\Users\qiuqi\Desktop\km-system-v2\km-env\lib\site-packages\django\db\backends\utils.py", line 83, in _execute
    self.db.validate_no_broken_transaction()
  File "C:\Users\qiuqi\Desktop\km-system-v2\km-env\lib\site-packages\django\db\backends\base\base.py", line 531, in validate_no_broken_transaction
    raise TransactionManagementError(
django.db.transaction.TransactionManagementError: An error occurred in the current transaction. You can't execute queries until the end of the 'atomic' block.
[2025-04-07 11:31:09] Internal Server Error: /admin/new-resources-post/
Traceback (most recent call last):
  File "C:\Users\qiuqi\Desktop\km-system-v2\km-env\lib\site-packages\django\db\backends\utils.py", line 89, in _execute
    return self.cursor.execute(sql, params)
  File "C:\Users\qiuqi\Desktop\km-system-v2\km-env\lib\site-packages\django\db\backends\mysql\base.py", line 75, in execute
    return self.cursor.execute(query, args)
  File "C:\Users\qiuqi\Desktop\km-system-v2\km-env\lib\site-packages\MySQLdb\cursors.py", line 179, in execute
    res = self._query(mogrified_query)
  File "C:\Users\qiuqi\Desktop\km-system-v2\km-env\lib\site-packages\MySQLdb\cursors.py", line 330, in _query
    db.query(q)
  File "C:\Users\qiuqi\Desktop\km-system-v2\km-env\lib\site-packages\MySQLdb\connections.py", line 257, in query
    _mysql.connection.query(self, query)
MySQLdb.DataError: (1406, "Data too long for column 'resource_type' at row 1")

The above exception was the direct cause of the following exception:

Traceback (most recent call last):
  File "C:\Users\qiuqi\Desktop\km-system-v2\kmhub\appAdmin\views\resources_post_view.py", line 203, in admin_add_resources_post
    metadata = ResourceMetadata.objects.create(
  File "C:\Users\qiuqi\Desktop\km-system-v2\km-env\lib\site-packages\django\db\models\manager.py", line 87, in manager_method
    return getattr(self.get_queryset(), name)(*args, **kwargs)
  File "C:\Users\qiuqi\Desktop\km-system-v2\km-env\lib\site-packages\django\db\models\query.py", line 658, in create
    obj.save(force_insert=True, using=self.db)
  File "C:\Users\qiuqi\Desktop\km-system-v2\km-env\lib\site-packages\django\db\models\base.py", line 814, in save
    self.save_base(
  File "C:\Users\qiuqi\Desktop\km-system-v2\km-env\lib\site-packages\django\db\models\base.py", line 877, in save_base
    updated = self._save_table(
  File "C:\Users\qiuqi\Desktop\km-system-v2\km-env\lib\site-packages\django\db\models\base.py", line 1020, in _save_table
    results = self._do_insert(
  File "C:\Users\qiuqi\Desktop\km-system-v2\km-env\lib\site-packages\django\db\models\base.py", line 1061, in _do_insert
    return manager._insert(
  File "C:\Users\qiuqi\Desktop\km-system-v2\km-env\lib\site-packages\django\db\models\manager.py", line 87, in manager_method
    return getattr(self.get_queryset(), name)(*args, **kwargs)
  File "C:\Users\qiuqi\Desktop\km-system-v2\km-env\lib\site-packages\django\db\models\query.py", line 1805, in _insert
    return query.get_compiler(using=using).execute_sql(returning_fields)
  File "C:\Users\qiuqi\Desktop\km-system-v2\km-env\lib\site-packages\django\db\models\sql\compiler.py", line 1822, in execute_sql
    cursor.execute(sql, params)
  File "C:\Users\qiuqi\Desktop\km-system-v2\km-env\lib\site-packages\django\db\backends\utils.py", line 102, in execute
    return super().execute(sql, params)
  File "C:\Users\qiuqi\Desktop\km-system-v2\km-env\lib\site-packages\django\db\backends\utils.py", line 67, in execute
    return self._execute_with_wrappers(
  File "C:\Users\qiuqi\Desktop\km-system-v2\km-env\lib\site-packages\django\db\backends\utils.py", line 80, in _execute_with_wrappers
    return executor(sql, params, many, context)
  File "C:\Users\qiuqi\Desktop\km-system-v2\km-env\lib\site-packages\django\db\backends\utils.py", line 84, in _execute
    with self.db.wrap_database_errors:
  File "C:\Users\qiuqi\Desktop\km-system-v2\km-env\lib\site-packages\django\db\utils.py", line 91, in __exit__
    raise dj_exc_value.with_traceback(traceback) from exc_value
  File "C:\Users\qiuqi\Desktop\km-system-v2\km-env\lib\site-packages\django\db\backends\utils.py", line 89, in _execute
    return self.cursor.execute(sql, params)
  File "C:\Users\qiuqi\Desktop\km-system-v2\km-env\lib\site-packages\django\db\backends\mysql\base.py", line 75, in execute
    return self.cursor.execute(query, args)
  File "C:\Users\qiuqi\Desktop\km-system-v2\km-env\lib\site-packages\MySQLdb\cursors.py", line 179, in execute
    res = self._query(mogrified_query)
  File "C:\Users\qiuqi\Desktop\km-system-v2\km-env\lib\site-packages\MySQLdb\cursors.py", line 330, in _query
    db.query(q)
  File "C:\Users\qiuqi\Desktop\km-system-v2\km-env\lib\site-packages\MySQLdb\connections.py", line 257, in query
    _mysql.connection.query(self, query)
django.db.utils.DataError: (1406, "Data too long for column 'resource_type' at row 1")

The above exception was the direct cause of the following exception:

Traceback (most recent call last):
  File "C:\Users\qiuqi\Desktop\km-system-v2\km-env\lib\site-packages\django\core\handlers\exception.py", line 55, in inner
    response = get_response(request)
  File "C:\Users\qiuqi\Desktop\km-system-v2\km-env\lib\site-packages\django\core\handlers\base.py", line 197, in _get_response
    response = wrapped_callback(request, *callback_args, **callback_kwargs)
  File "C:\Users\qiuqi\AppData\Local\Programs\Python\Python310\lib\contextlib.py", line 79, in inner
    return func(*args, **kwds)
  File "C:\Users\qiuqi\Desktop\km-system-v2\kmhub\appAdmin\views\resources_post_view.py", line 263, in admin_add_resources_post
    return render(request, "pages/resources-post.html", context)
  File "C:\Users\qiuqi\Desktop\km-system-v2\km-env\lib\site-packages\django\shortcuts.py", line 24, in render
    content = loader.render_to_string(template_name, context, request, using=using)
  File "C:\Users\qiuqi\Desktop\km-system-v2\km-env\lib\site-packages\django\template\loader.py", line 62, in render_to_string
    return template.render(context, request)
  File "C:\Users\qiuqi\Desktop\km-system-v2\km-env\lib\site-packages\django\template\backends\django.py", line 61, in render
    return self.template.render(context)
  File "C:\Users\qiuqi\Desktop\km-system-v2\km-env\lib\site-packages\django\template\base.py", line 175, in render
    return self._render(context)
  File "C:\Users\qiuqi\Desktop\km-system-v2\km-env\lib\site-packages\django\template\base.py", line 167, in _render
    return self.nodelist.render(context)
  File "C:\Users\qiuqi\Desktop\km-system-v2\km-env\lib\site-packages\django\template\base.py", line 1005, in render
    return SafeString("".join([node.render_annotated(context) for node in self]))
  File "C:\Users\qiuqi\Desktop\km-system-v2\km-env\lib\site-packages\django\template\base.py", line 1005, in <listcomp>
    return SafeString("".join([node.render_annotated(context) for node in self]))
  File "C:\Users\qiuqi\Desktop\km-system-v2\km-env\lib\site-packages\django\template\base.py", line 966, in render_annotated
    return self.render(context)
  File "C:\Users\qiuqi\Desktop\km-system-v2\km-env\lib\site-packages\django\template\loader_tags.py", line 157, in render
    return compiled_parent._render(context)
  File "C:\Users\qiuqi\Desktop\km-system-v2\km-env\lib\site-packages\django\template\base.py", line 167, in _render
    return self.nodelist.render(context)
  File "C:\Users\qiuqi\Desktop\km-system-v2\km-env\lib\site-packages\django\template\base.py", line 1005, in render
    return SafeString("".join([node.render_annotated(context) for node in self]))
  File "C:\Users\qiuqi\Desktop\km-system-v2\km-env\lib\site-packages\django\template\base.py", line 1005, in <listcomp>
    return SafeString("".join([node.render_annotated(context) for node in self]))
  File "C:\Users\qiuqi\Desktop\km-system-v2\km-env\lib\site-packages\django\template\base.py", line 966, in render_annotated
    return self.render(context)
  File "C:\Users\qiuqi\Desktop\km-system-v2\km-env\lib\site-packages\django\template\loader_tags.py", line 63, in render
    result = block.nodelist.render(context)
  File "C:\Users\qiuqi\Desktop\km-system-v2\km-env\lib\site-packages\django\template\base.py", line 1005, in render
    return SafeString("".join([node.render_annotated(context) for node in self]))
  File "C:\Users\qiuqi\Desktop\km-system-v2\km-env\lib\site-packages\django\template\base.py", line 1005, in <listcomp>
    return SafeString("".join([node.render_annotated(context) for node in self]))
  File "C:\Users\qiuqi\Desktop\km-system-v2\km-env\lib\site-packages\django\template\base.py", line 966, in render_annotated
    return self.render(context)
  File "C:\Users\qiuqi\Desktop\km-system-v2\km-env\lib\site-packages\django\template\loader_tags.py", line 208, in render
    return template.render(context)
  File "C:\Users\qiuqi\Desktop\km-system-v2\km-env\lib\site-packages\django\template\base.py", line 177, in render
    return self._render(context)
  File "C:\Users\qiuqi\Desktop\km-system-v2\km-env\lib\site-packages\django\template\base.py", line 167, in _render
    return self.nodelist.render(context)
  File "C:\Users\qiuqi\Desktop\km-system-v2\km-env\lib\site-packages\django\template\base.py", line 1005, in render
    return SafeString("".join([node.render_annotated(context) for node in self]))
  File "C:\Users\qiuqi\Desktop\km-system-v2\km-env\lib\site-packages\django\template\base.py", line 1005, in <listcomp>
    return SafeString("".join([node.render_annotated(context) for node in self]))
  File "C:\Users\qiuqi\Desktop\km-system-v2\km-env\lib\site-packages\django\template\base.py", line 966, in render_annotated
    return self.render(context)
  File "C:\Users\qiuqi\Desktop\km-system-v2\km-env\lib\site-packages\django\template\defaulttags.py", line 194, in render
    len_values = len(values)
  File "C:\Users\qiuqi\Desktop\km-system-v2\km-env\lib\site-packages\django\db\models\query.py", line 380, in __len__
    self._fetch_all()
  File "C:\Users\qiuqi\Desktop\km-system-v2\km-env\lib\site-packages\django\db\models\query.py", line 1881, in _fetch_all
    self._result_cache = list(self._iterable_class(self))
  File "C:\Users\qiuqi\Desktop\km-system-v2\km-env\lib\site-packages\django\db\models\query.py", line 91, in __iter__
    results = compiler.execute_sql(
  File "C:\Users\qiuqi\Desktop\km-system-v2\km-env\lib\site-packages\django\db\models\sql\compiler.py", line 1562, in execute_sql
    cursor.execute(sql, params)
  File "C:\Users\qiuqi\Desktop\km-system-v2\km-env\lib\site-packages\django\db\backends\utils.py", line 102, in execute
    return super().execute(sql, params)
  File "C:\Users\qiuqi\Desktop\km-system-v2\km-env\lib\site-packages\django\db\backends\utils.py", line 67, in execute
    return self._execute_with_wrappers(
  File "C:\Users\qiuqi\Desktop\km-system-v2\km-env\lib\site-packages\django\db\backends\utils.py", line 80, in _execute_with_wrappers
    return executor(sql, params, many, context)
  File "C:\Users\qiuqi\Desktop\km-system-v2\km-env\lib\site-packages\django\db\backends\utils.py", line 83, in _execute
    self.db.validate_no_broken_transaction()
  File "C:\Users\qiuqi\Desktop\km-system-v2\km-env\lib\site-packages\django\db\backends\base\base.py", line 531, in validate_no_broken_transaction
    raise TransactionManagementError(
django.db.transaction.TransactionManagementError: An error occurred in the current transaction. You can't execute queries until the end of the 'atomic' block.
[2025-04-07 11:32:14] Not Found: /sourceMap/assets/css/shadow.css.map
[2025-04-07 11:32:14] Not Found: /sourceMap/assets/css/shadow.css.map
[2025-04-07 11:32:25] Not Found: /sourceMap/assets/css/shadow.css.map
[2025-04-07 11:32:25] Not Found: /sourceMap/assets/css/shadow.css.map
[2025-04-07 11:32:47] Internal Server Error: /admin/new-resources-post/
Traceback (most recent call last):
  File "C:\Users\qiuqi\Desktop\km-system-v2\km-env\lib\site-packages\django\db\backends\utils.py", line 89, in _execute
    return self.cursor.execute(sql, params)
  File "C:\Users\qiuqi\Desktop\km-system-v2\km-env\lib\site-packages\django\db\backends\mysql\base.py", line 75, in execute
    return self.cursor.execute(query, args)
  File "C:\Users\qiuqi\Desktop\km-system-v2\km-env\lib\site-packages\MySQLdb\cursors.py", line 179, in execute
    res = self._query(mogrified_query)
  File "C:\Users\qiuqi\Desktop\km-system-v2\km-env\lib\site-packages\MySQLdb\cursors.py", line 330, in _query
    db.query(q)
  File "C:\Users\qiuqi\Desktop\km-system-v2\km-env\lib\site-packages\MySQLdb\connections.py", line 257, in query
    _mysql.connection.query(self, query)
MySQLdb.DataError: (1406, "Data too long for column 'resource_type' at row 1")

The above exception was the direct cause of the following exception:

Traceback (most recent call last):
  File "C:\Users\qiuqi\Desktop\km-system-v2\kmhub\appAdmin\views\resources_post_view.py", line 203, in admin_add_resources_post
    metadata = ResourceMetadata.objects.create(
  File "C:\Users\qiuqi\Desktop\km-system-v2\km-env\lib\site-packages\django\db\models\manager.py", line 87, in manager_method
    return getattr(self.get_queryset(), name)(*args, **kwargs)
  File "C:\Users\qiuqi\Desktop\km-system-v2\km-env\lib\site-packages\django\db\models\query.py", line 658, in create
    obj.save(force_insert=True, using=self.db)
  File "C:\Users\qiuqi\Desktop\km-system-v2\km-env\lib\site-packages\django\db\models\base.py", line 814, in save
    self.save_base(
  File "C:\Users\qiuqi\Desktop\km-system-v2\km-env\lib\site-packages\django\db\models\base.py", line 877, in save_base
    updated = self._save_table(
  File "C:\Users\qiuqi\Desktop\km-system-v2\km-env\lib\site-packages\django\db\models\base.py", line 1020, in _save_table
    results = self._do_insert(
  File "C:\Users\qiuqi\Desktop\km-system-v2\km-env\lib\site-packages\django\db\models\base.py", line 1061, in _do_insert
    return manager._insert(
  File "C:\Users\qiuqi\Desktop\km-system-v2\km-env\lib\site-packages\django\db\models\manager.py", line 87, in manager_method
    return getattr(self.get_queryset(), name)(*args, **kwargs)
  File "C:\Users\qiuqi\Desktop\km-system-v2\km-env\lib\site-packages\django\db\models\query.py", line 1805, in _insert
    return query.get_compiler(using=using).execute_sql(returning_fields)
  File "C:\Users\qiuqi\Desktop\km-system-v2\km-env\lib\site-packages\django\db\models\sql\compiler.py", line 1822, in execute_sql
    cursor.execute(sql, params)
  File "C:\Users\qiuqi\Desktop\km-system-v2\km-env\lib\site-packages\django\db\backends\utils.py", line 102, in execute
    return super().execute(sql, params)
  File "C:\Users\qiuqi\Desktop\km-system-v2\km-env\lib\site-packages\django\db\backends\utils.py", line 67, in execute
    return self._execute_with_wrappers(
  File "C:\Users\qiuqi\Desktop\km-system-v2\km-env\lib\site-packages\django\db\backends\utils.py", line 80, in _execute_with_wrappers
    return executor(sql, params, many, context)
  File "C:\Users\qiuqi\Desktop\km-system-v2\km-env\lib\site-packages\django\db\backends\utils.py", line 84, in _execute
    with self.db.wrap_database_errors:
  File "C:\Users\qiuqi\Desktop\km-system-v2\km-env\lib\site-packages\django\db\utils.py", line 91, in __exit__
    raise dj_exc_value.with_traceback(traceback) from exc_value
  File "C:\Users\qiuqi\Desktop\km-system-v2\km-env\lib\site-packages\django\db\backends\utils.py", line 89, in _execute
    return self.cursor.execute(sql, params)
  File "C:\Users\qiuqi\Desktop\km-system-v2\km-env\lib\site-packages\django\db\backends\mysql\base.py", line 75, in execute
    return self.cursor.execute(query, args)
  File "C:\Users\qiuqi\Desktop\km-system-v2\km-env\lib\site-packages\MySQLdb\cursors.py", line 179, in execute
    res = self._query(mogrified_query)
  File "C:\Users\qiuqi\Desktop\km-system-v2\km-env\lib\site-packages\MySQLdb\cursors.py", line 330, in _query
    db.query(q)
  File "C:\Users\qiuqi\Desktop\km-system-v2\km-env\lib\site-packages\MySQLdb\connections.py", line 257, in query
    _mysql.connection.query(self, query)
django.db.utils.DataError: (1406, "Data too long for column 'resource_type' at row 1")

The above exception was the direct cause of the following exception:

Traceback (most recent call last):
  File "C:\Users\qiuqi\Desktop\km-system-v2\km-env\lib\site-packages\django\core\handlers\exception.py", line 55, in inner
    response = get_response(request)
  File "C:\Users\qiuqi\Desktop\km-system-v2\km-env\lib\site-packages\django\core\handlers\base.py", line 197, in _get_response
    response = wrapped_callback(request, *callback_args, **callback_kwargs)
  File "C:\Users\qiuqi\AppData\Local\Programs\Python\Python310\lib\contextlib.py", line 79, in inner
    return func(*args, **kwds)
  File "C:\Users\qiuqi\Desktop\km-system-v2\kmhub\appAdmin\views\resources_post_view.py", line 263, in admin_add_resources_post
    return render(request, "pages/resources-post.html", context)
  File "C:\Users\qiuqi\Desktop\km-system-v2\km-env\lib\site-packages\django\shortcuts.py", line 24, in render
    content = loader.render_to_string(template_name, context, request, using=using)
  File "C:\Users\qiuqi\Desktop\km-system-v2\km-env\lib\site-packages\django\template\loader.py", line 62, in render_to_string
    return template.render(context, request)
  File "C:\Users\qiuqi\Desktop\km-system-v2\km-env\lib\site-packages\django\template\backends\django.py", line 61, in render
    return self.template.render(context)
  File "C:\Users\qiuqi\Desktop\km-system-v2\km-env\lib\site-packages\django\template\base.py", line 175, in render
    return self._render(context)
  File "C:\Users\qiuqi\Desktop\km-system-v2\km-env\lib\site-packages\django\template\base.py", line 167, in _render
    return self.nodelist.render(context)
  File "C:\Users\qiuqi\Desktop\km-system-v2\km-env\lib\site-packages\django\template\base.py", line 1005, in render
    return SafeString("".join([node.render_annotated(context) for node in self]))
  File "C:\Users\qiuqi\Desktop\km-system-v2\km-env\lib\site-packages\django\template\base.py", line 1005, in <listcomp>
    return SafeString("".join([node.render_annotated(context) for node in self]))
  File "C:\Users\qiuqi\Desktop\km-system-v2\km-env\lib\site-packages\django\template\base.py", line 966, in render_annotated
    return self.render(context)
  File "C:\Users\qiuqi\Desktop\km-system-v2\km-env\lib\site-packages\django\template\loader_tags.py", line 157, in render
    return compiled_parent._render(context)
  File "C:\Users\qiuqi\Desktop\km-system-v2\km-env\lib\site-packages\django\template\base.py", line 167, in _render
    return self.nodelist.render(context)
  File "C:\Users\qiuqi\Desktop\km-system-v2\km-env\lib\site-packages\django\template\base.py", line 1005, in render
    return SafeString("".join([node.render_annotated(context) for node in self]))
  File "C:\Users\qiuqi\Desktop\km-system-v2\km-env\lib\site-packages\django\template\base.py", line 1005, in <listcomp>
    return SafeString("".join([node.render_annotated(context) for node in self]))
  File "C:\Users\qiuqi\Desktop\km-system-v2\km-env\lib\site-packages\django\template\base.py", line 966, in render_annotated
    return self.render(context)
  File "C:\Users\qiuqi\Desktop\km-system-v2\km-env\lib\site-packages\django\template\loader_tags.py", line 63, in render
    result = block.nodelist.render(context)
  File "C:\Users\qiuqi\Desktop\km-system-v2\km-env\lib\site-packages\django\template\base.py", line 1005, in render
    return SafeString("".join([node.render_annotated(context) for node in self]))
  File "C:\Users\qiuqi\Desktop\km-system-v2\km-env\lib\site-packages\django\template\base.py", line 1005, in <listcomp>
    return SafeString("".join([node.render_annotated(context) for node in self]))
  File "C:\Users\qiuqi\Desktop\km-system-v2\km-env\lib\site-packages\django\template\base.py", line 966, in render_annotated
    return self.render(context)
  File "C:\Users\qiuqi\Desktop\km-system-v2\km-env\lib\site-packages\django\template\loader_tags.py", line 208, in render
    return template.render(context)
  File "C:\Users\qiuqi\Desktop\km-system-v2\km-env\lib\site-packages\django\template\base.py", line 177, in render
    return self._render(context)
  File "C:\Users\qiuqi\Desktop\km-system-v2\km-env\lib\site-packages\django\template\base.py", line 167, in _render
    return self.nodelist.render(context)
  File "C:\Users\qiuqi\Desktop\km-system-v2\km-env\lib\site-packages\django\template\base.py", line 1005, in render
    return SafeString("".join([node.render_annotated(context) for node in self]))
  File "C:\Users\qiuqi\Desktop\km-system-v2\km-env\lib\site-packages\django\template\base.py", line 1005, in <listcomp>
    return SafeString("".join([node.render_annotated(context) for node in self]))
  File "C:\Users\qiuqi\Desktop\km-system-v2\km-env\lib\site-packages\django\template\base.py", line 966, in render_annotated
    return self.render(context)
  File "C:\Users\qiuqi\Desktop\km-system-v2\km-env\lib\site-packages\django\template\defaulttags.py", line 194, in render
    len_values = len(values)
  File "C:\Users\qiuqi\Desktop\km-system-v2\km-env\lib\site-packages\django\db\models\query.py", line 380, in __len__
    self._fetch_all()
  File "C:\Users\qiuqi\Desktop\km-system-v2\km-env\lib\site-packages\django\db\models\query.py", line 1881, in _fetch_all
    self._result_cache = list(self._iterable_class(self))
  File "C:\Users\qiuqi\Desktop\km-system-v2\km-env\lib\site-packages\django\db\models\query.py", line 91, in __iter__
    results = compiler.execute_sql(
  File "C:\Users\qiuqi\Desktop\km-system-v2\km-env\lib\site-packages\django\db\models\sql\compiler.py", line 1562, in execute_sql
    cursor.execute(sql, params)
  File "C:\Users\qiuqi\Desktop\km-system-v2\km-env\lib\site-packages\django\db\backends\utils.py", line 102, in execute
    return super().execute(sql, params)
  File "C:\Users\qiuqi\Desktop\km-system-v2\km-env\lib\site-packages\django\db\backends\utils.py", line 67, in execute
    return self._execute_with_wrappers(
  File "C:\Users\qiuqi\Desktop\km-system-v2\km-env\lib\site-packages\django\db\backends\utils.py", line 80, in _execute_with_wrappers
    return executor(sql, params, many, context)
  File "C:\Users\qiuqi\Desktop\km-system-v2\km-env\lib\site-packages\django\db\backends\utils.py", line 83, in _execute
    self.db.validate_no_broken_transaction()
  File "C:\Users\qiuqi\Desktop\km-system-v2\km-env\lib\site-packages\django\db\backends\base\base.py", line 531, in validate_no_broken_transaction
    raise TransactionManagementError(
django.db.transaction.TransactionManagementError: An error occurred in the current transaction. You can't execute queries until the end of the 'atomic' block.
[2025-04-07 11:33:55] C:\Users\qiuqi\Desktop\km-system-v2\kmhub\appAdmin\models.py changed, reloading.
[2025-04-07 11:33:56] Watching for file changes with StatReloader
[2025-04-07 11:34:12] Watching for file changes with StatReloader
[2025-04-07 11:35:48] C:\Users\qiuqi\Desktop\km-system-v2\kmhub\appAdmin\models.py changed, reloading.
[2025-04-07 11:35:49] Watching for file changes with StatReloader
[2025-04-07 11:35:59] Watching for file changes with StatReloader
[2025-04-07 11:36:18] Not Found: /sourceMap/assets/css/shadow.css.map
[2025-04-07 11:36:18] Not Found: /sourceMap/assets/css/shadow.css.map
[2025-04-07 13:12:19] C:\Users\qiuqi\Desktop\km-system-v2\kmhub\appAdmin\views\resources_post_view.py changed, reloading.
[2025-04-07 13:12:20] Watching for file changes with StatReloader
[2025-04-07 13:37:12] C:\Users\qiuqi\Desktop\km-system-v2\kmhub\appAdmin\views\resources_post_view.py changed, reloading.
[2025-04-07 13:37:13] Watching for file changes with StatReloader
[2025-04-07 13:38:04] Not Found: /sourceMap/assets/css/shadow.css.map
[2025-04-07 13:38:04] Not Found: /sourceMap/assets/css/shadow.css.map
[2025-04-07 13:39:25] C:\Users\qiuqi\Desktop\km-system-v2\kmhub\appAdmin\views\resources_post_view.py changed, reloading.
[2025-04-07 13:39:26] Watching for file changes with StatReloader
[2025-04-07 13:40:13] Not Found: /sourceMap/assets/css/shadow.css.map
[2025-04-07 13:40:14] Not Found: /sourceMap/assets/css/shadow.css.map
[2025-04-07 13:41:21] C:\Users\qiuqi\Desktop\km-system-v2\kmhub\appAdmin\views\resources_post_view.py changed, reloading.
[2025-04-07 13:41:22] Watching for file changes with StatReloader
[2025-04-07 13:44:22] Not Found: /sourceMap/assets/css/shadow.css.map
[2025-04-07 13:44:22] Not Found: /sourceMap/assets/css/shadow.css.map
[2025-04-07 13:48:52] C:\Users\qiuqi\Desktop\km-system-v2\kmhub\appAdmin\views\resources_post_view.py changed, reloading.
[2025-04-07 13:48:53] Watching for file changes with StatReloader
[2025-04-07 13:49:16] C:\Users\qiuqi\Desktop\km-system-v2\kmhub\appAdmin\views\resources_post_view.py changed, reloading.
[2025-04-07 13:49:17] Watching for file changes with StatReloader
[2025-04-07 13:57:47] C:\Users\qiuqi\Desktop\km-system-v2\kmhub\appAdmin\views\resources_post_view.py changed, reloading.
[2025-04-07 13:57:48] Watching for file changes with StatReloader
[2025-04-07 14:23:33] C:\Users\qiuqi\Desktop\km-system-v2\kmhub\appAdmin\views\resources_post_view.py changed, reloading.
[2025-04-07 14:23:34] Watching for file changes with StatReloader
[2025-04-07 14:27:27] C:\Users\qiuqi\Desktop\km-system-v2\kmhub\appAdmin\views\resources_post_view.py changed, reloading.
[2025-04-07 14:27:28] Watching for file changes with StatReloader
[2025-04-07 14:44:47] C:\Users\qiuqi\Desktop\km-system-v2\kmhub\appAdmin\views\resources_post_view.py changed, reloading.
[2025-04-07 14:44:48] Watching for file changes with StatReloader
[2025-04-07 14:44:50] Internal Server Error: /admin/resources-post/
Traceback (most recent call last):
  File "C:\Users\qiuqi\Desktop\km-system-v2\km-env\lib\site-packages\django\core\handlers\exception.py", line 55, in inner
    response = get_response(request)
  File "C:\Users\qiuqi\Desktop\km-system-v2\km-env\lib\site-packages\django\core\handlers\base.py", line 197, in _get_response
    response = wrapped_callback(request, *callback_args, **callback_kwargs)
  File "C:\Users\qiuqi\Desktop\km-system-v2\kmhub\appAdmin\views\resources_post_view.py", line 92, in admin_resources_post
    paginator = Paginator(resources, 10)  # Show 10 resources per page
UnboundLocalError: local variable 'resources' referenced before assignment
[2025-04-07 14:44:51] Not Found: /favicon.ico
[2025-04-07 14:45:37] C:\Users\qiuqi\Desktop\km-system-v2\kmhub\appAdmin\views\resources_post_view.py changed, reloading.
[2025-04-07 14:45:38] Watching for file changes with StatReloader
[2025-04-07 14:45:59] C:\Users\qiuqi\Desktop\km-system-v2\kmhub\appAdmin\views\resources_post_view.py changed, reloading.
[2025-04-07 14:46:00] Watching for file changes with StatReloader
[2025-04-07 14:47:13] C:\Users\qiuqi\Desktop\km-system-v2\kmhub\appAdmin\views\resources_post_view.py changed, reloading.
[2025-04-07 14:47:14] Watching for file changes with StatReloader
[2025-04-08 10:24:56] Watching for file changes with StatReloader
[2025-04-08 10:25:30] Watching for file changes with StatReloader
[2025-04-08 10:25:35] Not Found: /favicon.ico
[2025-04-08 16:17:50] Watching for file changes with StatReloader
[2025-04-08 16:17:55] Not Found: /favicon.ico
[2025-04-08 16:22:37] Not Found: /api/placeholder/100/100
[2025-04-08 16:48:50] Internal Server Error: /admin/users/
Traceback (most recent call last):
  File "C:\Users\qiuqi\Desktop\km-system-v2\km-env\lib\site-packages\django\core\handlers\exception.py", line 55, in inner
    response = get_response(request)
  File "C:\Users\qiuqi\Desktop\km-system-v2\km-env\lib\site-packages\django\core\handlers\base.py", line 197, in _get_response
    response = wrapped_callback(request, *callback_args, **callback_kwargs)
  File "C:\Users\qiuqi\Desktop\km-system-v2\kmhub\appAdmin\views\users_view.py", line 8, in display_users
    return render(request, "pages/users.html", {"users": users})
  File "C:\Users\qiuqi\Desktop\km-system-v2\km-env\lib\site-packages\django\shortcuts.py", line 24, in render
    content = loader.render_to_string(template_name, context, request, using=using)
  File "C:\Users\qiuqi\Desktop\km-system-v2\km-env\lib\site-packages\django\template\loader.py", line 62, in render_to_string
    return template.render(context, request)
  File "C:\Users\qiuqi\Desktop\km-system-v2\km-env\lib\site-packages\django\template\backends\django.py", line 61, in render
    return self.template.render(context)
  File "C:\Users\qiuqi\Desktop\km-system-v2\km-env\lib\site-packages\django\template\base.py", line 175, in render
    return self._render(context)
  File "C:\Users\qiuqi\Desktop\km-system-v2\km-env\lib\site-packages\django\template\base.py", line 167, in _render
    return self.nodelist.render(context)
  File "C:\Users\qiuqi\Desktop\km-system-v2\km-env\lib\site-packages\django\template\base.py", line 1005, in render
    return SafeString("".join([node.render_annotated(context) for node in self]))
  File "C:\Users\qiuqi\Desktop\km-system-v2\km-env\lib\site-packages\django\template\base.py", line 1005, in <listcomp>
    return SafeString("".join([node.render_annotated(context) for node in self]))
  File "C:\Users\qiuqi\Desktop\km-system-v2\km-env\lib\site-packages\django\template\base.py", line 966, in render_annotated
    return self.render(context)
  File "C:\Users\qiuqi\Desktop\km-system-v2\km-env\lib\site-packages\django\template\loader_tags.py", line 157, in render
    return compiled_parent._render(context)
  File "C:\Users\qiuqi\Desktop\km-system-v2\km-env\lib\site-packages\django\template\base.py", line 167, in _render
    return self.nodelist.render(context)
  File "C:\Users\qiuqi\Desktop\km-system-v2\km-env\lib\site-packages\django\template\base.py", line 1005, in render
    return SafeString("".join([node.render_annotated(context) for node in self]))
  File "C:\Users\qiuqi\Desktop\km-system-v2\km-env\lib\site-packages\django\template\base.py", line 1005, in <listcomp>
    return SafeString("".join([node.render_annotated(context) for node in self]))
  File "C:\Users\qiuqi\Desktop\km-system-v2\km-env\lib\site-packages\django\template\base.py", line 966, in render_annotated
    return self.render(context)
  File "C:\Users\qiuqi\Desktop\km-system-v2\km-env\lib\site-packages\django\template\loader_tags.py", line 63, in render
    result = block.nodelist.render(context)
  File "C:\Users\qiuqi\Desktop\km-system-v2\km-env\lib\site-packages\django\template\base.py", line 1005, in render
    return SafeString("".join([node.render_annotated(context) for node in self]))
  File "C:\Users\qiuqi\Desktop\km-system-v2\km-env\lib\site-packages\django\template\base.py", line 1005, in <listcomp>
    return SafeString("".join([node.render_annotated(context) for node in self]))
  File "C:\Users\qiuqi\Desktop\km-system-v2\km-env\lib\site-packages\django\template\base.py", line 966, in render_annotated
    return self.render(context)
  File "C:\Users\qiuqi\Desktop\km-system-v2\km-env\lib\site-packages\django\template\defaulttags.py", line 238, in render
    nodelist.append(node.render_annotated(context))
  File "C:\Users\qiuqi\Desktop\km-system-v2\km-env\lib\site-packages\django\template\base.py", line 966, in render_annotated
    return self.render(context)
  File "C:\Users\qiuqi\Desktop\km-system-v2\km-env\lib\site-packages\django\template\defaulttags.py", line 471, in render
    url = reverse(view_name, args=args, kwargs=kwargs, current_app=current_app)
  File "C:\Users\qiuqi\Desktop\km-system-v2\km-env\lib\site-packages\django\urls\base.py", line 88, in reverse
    return resolver._reverse_with_prefix(view, prefix, *args, **kwargs)
  File "C:\Users\qiuqi\Desktop\km-system-v2\km-env\lib\site-packages\django\urls\resolvers.py", line 828, in _reverse_with_prefix
    raise NoReverseMatch(msg)
django.urls.exceptions.NoReverseMatch: Reverse for 'delete-user' not found. 'delete-user' is not a valid view function or pattern name.
[2025-04-08 16:49:19] Internal Server Error: /admin/users/
Traceback (most recent call last):
  File "C:\Users\qiuqi\Desktop\km-system-v2\km-env\lib\site-packages\django\core\handlers\exception.py", line 55, in inner
    response = get_response(request)
  File "C:\Users\qiuqi\Desktop\km-system-v2\km-env\lib\site-packages\django\core\handlers\base.py", line 197, in _get_response
    response = wrapped_callback(request, *callback_args, **callback_kwargs)
  File "C:\Users\qiuqi\Desktop\km-system-v2\kmhub\appAdmin\views\users_view.py", line 8, in display_users
    return render(request, "pages/users.html", {"users": users})
  File "C:\Users\qiuqi\Desktop\km-system-v2\km-env\lib\site-packages\django\shortcuts.py", line 24, in render
    content = loader.render_to_string(template_name, context, request, using=using)
  File "C:\Users\qiuqi\Desktop\km-system-v2\km-env\lib\site-packages\django\template\loader.py", line 62, in render_to_string
    return template.render(context, request)
  File "C:\Users\qiuqi\Desktop\km-system-v2\km-env\lib\site-packages\django\template\backends\django.py", line 61, in render
    return self.template.render(context)
  File "C:\Users\qiuqi\Desktop\km-system-v2\km-env\lib\site-packages\django\template\base.py", line 175, in render
    return self._render(context)
  File "C:\Users\qiuqi\Desktop\km-system-v2\km-env\lib\site-packages\django\template\base.py", line 167, in _render
    return self.nodelist.render(context)
  File "C:\Users\qiuqi\Desktop\km-system-v2\km-env\lib\site-packages\django\template\base.py", line 1005, in render
    return SafeString("".join([node.render_annotated(context) for node in self]))
  File "C:\Users\qiuqi\Desktop\km-system-v2\km-env\lib\site-packages\django\template\base.py", line 1005, in <listcomp>
    return SafeString("".join([node.render_annotated(context) for node in self]))
  File "C:\Users\qiuqi\Desktop\km-system-v2\km-env\lib\site-packages\django\template\base.py", line 966, in render_annotated
    return self.render(context)
  File "C:\Users\qiuqi\Desktop\km-system-v2\km-env\lib\site-packages\django\template\loader_tags.py", line 157, in render
    return compiled_parent._render(context)
  File "C:\Users\qiuqi\Desktop\km-system-v2\km-env\lib\site-packages\django\template\base.py", line 167, in _render
    return self.nodelist.render(context)
  File "C:\Users\qiuqi\Desktop\km-system-v2\km-env\lib\site-packages\django\template\base.py", line 1005, in render
    return SafeString("".join([node.render_annotated(context) for node in self]))
  File "C:\Users\qiuqi\Desktop\km-system-v2\km-env\lib\site-packages\django\template\base.py", line 1005, in <listcomp>
    return SafeString("".join([node.render_annotated(context) for node in self]))
  File "C:\Users\qiuqi\Desktop\km-system-v2\km-env\lib\site-packages\django\template\base.py", line 966, in render_annotated
    return self.render(context)
  File "C:\Users\qiuqi\Desktop\km-system-v2\km-env\lib\site-packages\django\template\loader_tags.py", line 63, in render
    result = block.nodelist.render(context)
  File "C:\Users\qiuqi\Desktop\km-system-v2\km-env\lib\site-packages\django\template\base.py", line 1005, in render
    return SafeString("".join([node.render_annotated(context) for node in self]))
  File "C:\Users\qiuqi\Desktop\km-system-v2\km-env\lib\site-packages\django\template\base.py", line 1005, in <listcomp>
    return SafeString("".join([node.render_annotated(context) for node in self]))
  File "C:\Users\qiuqi\Desktop\km-system-v2\km-env\lib\site-packages\django\template\base.py", line 966, in render_annotated
    return self.render(context)
  File "C:\Users\qiuqi\Desktop\km-system-v2\km-env\lib\site-packages\django\template\defaulttags.py", line 471, in render
    url = reverse(view_name, args=args, kwargs=kwargs, current_app=current_app)
  File "C:\Users\qiuqi\Desktop\km-system-v2\km-env\lib\site-packages\django\urls\base.py", line 88, in reverse
    return resolver._reverse_with_prefix(view, prefix, *args, **kwargs)
  File "C:\Users\qiuqi\Desktop\km-system-v2\km-env\lib\site-packages\django\urls\resolvers.py", line 828, in _reverse_with_prefix
    raise NoReverseMatch(msg)
django.urls.exceptions.NoReverseMatch: Reverse for 'add-user' not found. 'add-user' is not a valid view function or pattern name.
[2025-04-08 16:49:30] Internal Server Error: /admin/users/
Traceback (most recent call last):
  File "C:\Users\qiuqi\Desktop\km-system-v2\km-env\lib\site-packages\django\core\handlers\exception.py", line 55, in inner
    response = get_response(request)
  File "C:\Users\qiuqi\Desktop\km-system-v2\km-env\lib\site-packages\django\core\handlers\base.py", line 197, in _get_response
    response = wrapped_callback(request, *callback_args, **callback_kwargs)
  File "C:\Users\qiuqi\Desktop\km-system-v2\kmhub\appAdmin\views\users_view.py", line 8, in display_users
    return render(request, "pages/users.html", {"users": users})
  File "C:\Users\qiuqi\Desktop\km-system-v2\km-env\lib\site-packages\django\shortcuts.py", line 24, in render
    content = loader.render_to_string(template_name, context, request, using=using)
  File "C:\Users\qiuqi\Desktop\km-system-v2\km-env\lib\site-packages\django\template\loader.py", line 62, in render_to_string
    return template.render(context, request)
  File "C:\Users\qiuqi\Desktop\km-system-v2\km-env\lib\site-packages\django\template\backends\django.py", line 61, in render
    return self.template.render(context)
  File "C:\Users\qiuqi\Desktop\km-system-v2\km-env\lib\site-packages\django\template\base.py", line 175, in render
    return self._render(context)
  File "C:\Users\qiuqi\Desktop\km-system-v2\km-env\lib\site-packages\django\template\base.py", line 167, in _render
    return self.nodelist.render(context)
  File "C:\Users\qiuqi\Desktop\km-system-v2\km-env\lib\site-packages\django\template\base.py", line 1005, in render
    return SafeString("".join([node.render_annotated(context) for node in self]))
  File "C:\Users\qiuqi\Desktop\km-system-v2\km-env\lib\site-packages\django\template\base.py", line 1005, in <listcomp>
    return SafeString("".join([node.render_annotated(context) for node in self]))
  File "C:\Users\qiuqi\Desktop\km-system-v2\km-env\lib\site-packages\django\template\base.py", line 966, in render_annotated
    return self.render(context)
  File "C:\Users\qiuqi\Desktop\km-system-v2\km-env\lib\site-packages\django\template\loader_tags.py", line 157, in render
    return compiled_parent._render(context)
  File "C:\Users\qiuqi\Desktop\km-system-v2\km-env\lib\site-packages\django\template\base.py", line 167, in _render
    return self.nodelist.render(context)
  File "C:\Users\qiuqi\Desktop\km-system-v2\km-env\lib\site-packages\django\template\base.py", line 1005, in render
    return SafeString("".join([node.render_annotated(context) for node in self]))
  File "C:\Users\qiuqi\Desktop\km-system-v2\km-env\lib\site-packages\django\template\base.py", line 1005, in <listcomp>
    return SafeString("".join([node.render_annotated(context) for node in self]))
  File "C:\Users\qiuqi\Desktop\km-system-v2\km-env\lib\site-packages\django\template\base.py", line 966, in render_annotated
    return self.render(context)
  File "C:\Users\qiuqi\Desktop\km-system-v2\km-env\lib\site-packages\django\template\loader_tags.py", line 63, in render
    result = block.nodelist.render(context)
  File "C:\Users\qiuqi\Desktop\km-system-v2\km-env\lib\site-packages\django\template\base.py", line 1005, in render
    return SafeString("".join([node.render_annotated(context) for node in self]))
  File "C:\Users\qiuqi\Desktop\km-system-v2\km-env\lib\site-packages\django\template\base.py", line 1005, in <listcomp>
    return SafeString("".join([node.render_annotated(context) for node in self]))
  File "C:\Users\qiuqi\Desktop\km-system-v2\km-env\lib\site-packages\django\template\base.py", line 966, in render_annotated
    return self.render(context)
  File "C:\Users\qiuqi\Desktop\km-system-v2\km-env\lib\site-packages\django\template\defaulttags.py", line 471, in render
    url = reverse(view_name, args=args, kwargs=kwargs, current_app=current_app)
  File "C:\Users\qiuqi\Desktop\km-system-v2\km-env\lib\site-packages\django\urls\base.py", line 88, in reverse
    return resolver._reverse_with_prefix(view, prefix, *args, **kwargs)
  File "C:\Users\qiuqi\Desktop\km-system-v2\km-env\lib\site-packages\django\urls\resolvers.py", line 828, in _reverse_with_prefix
    raise NoReverseMatch(msg)
django.urls.exceptions.NoReverseMatch: Reverse for 'edit-user' not found. 'edit-user' is not a valid view function or pattern name.
[2025-04-08 16:49:47] Internal Server Error: /admin/users/
Traceback (most recent call last):
  File "C:\Users\qiuqi\Desktop\km-system-v2\km-env\lib\site-packages\django\core\handlers\exception.py", line 55, in inner
    response = get_response(request)
  File "C:\Users\qiuqi\Desktop\km-system-v2\km-env\lib\site-packages\django\core\handlers\base.py", line 197, in _get_response
    response = wrapped_callback(request, *callback_args, **callback_kwargs)
  File "C:\Users\qiuqi\Desktop\km-system-v2\kmhub\appAdmin\views\users_view.py", line 8, in display_users
    return render(request, "pages/users.html", {"users": users})
  File "C:\Users\qiuqi\Desktop\km-system-v2\km-env\lib\site-packages\django\shortcuts.py", line 24, in render
    content = loader.render_to_string(template_name, context, request, using=using)
  File "C:\Users\qiuqi\Desktop\km-system-v2\km-env\lib\site-packages\django\template\loader.py", line 62, in render_to_string
    return template.render(context, request)
  File "C:\Users\qiuqi\Desktop\km-system-v2\km-env\lib\site-packages\django\template\backends\django.py", line 61, in render
    return self.template.render(context)
  File "C:\Users\qiuqi\Desktop\km-system-v2\km-env\lib\site-packages\django\template\base.py", line 175, in render
    return self._render(context)
  File "C:\Users\qiuqi\Desktop\km-system-v2\km-env\lib\site-packages\django\template\base.py", line 167, in _render
    return self.nodelist.render(context)
  File "C:\Users\qiuqi\Desktop\km-system-v2\km-env\lib\site-packages\django\template\base.py", line 1005, in render
    return SafeString("".join([node.render_annotated(context) for node in self]))
  File "C:\Users\qiuqi\Desktop\km-system-v2\km-env\lib\site-packages\django\template\base.py", line 1005, in <listcomp>
    return SafeString("".join([node.render_annotated(context) for node in self]))
  File "C:\Users\qiuqi\Desktop\km-system-v2\km-env\lib\site-packages\django\template\base.py", line 966, in render_annotated
    return self.render(context)
  File "C:\Users\qiuqi\Desktop\km-system-v2\km-env\lib\site-packages\django\template\loader_tags.py", line 157, in render
    return compiled_parent._render(context)
  File "C:\Users\qiuqi\Desktop\km-system-v2\km-env\lib\site-packages\django\template\base.py", line 167, in _render
    return self.nodelist.render(context)
  File "C:\Users\qiuqi\Desktop\km-system-v2\km-env\lib\site-packages\django\template\base.py", line 1005, in render
    return SafeString("".join([node.render_annotated(context) for node in self]))
  File "C:\Users\qiuqi\Desktop\km-system-v2\km-env\lib\site-packages\django\template\base.py", line 1005, in <listcomp>
    return SafeString("".join([node.render_annotated(context) for node in self]))
  File "C:\Users\qiuqi\Desktop\km-system-v2\km-env\lib\site-packages\django\template\base.py", line 966, in render_annotated
    return self.render(context)
  File "C:\Users\qiuqi\Desktop\km-system-v2\km-env\lib\site-packages\django\template\loader_tags.py", line 63, in render
    result = block.nodelist.render(context)
  File "C:\Users\qiuqi\Desktop\km-system-v2\km-env\lib\site-packages\django\template\base.py", line 1005, in render
    return SafeString("".join([node.render_annotated(context) for node in self]))
  File "C:\Users\qiuqi\Desktop\km-system-v2\km-env\lib\site-packages\django\template\base.py", line 1005, in <listcomp>
    return SafeString("".join([node.render_annotated(context) for node in self]))
  File "C:\Users\qiuqi\Desktop\km-system-v2\km-env\lib\site-packages\django\template\base.py", line 966, in render_annotated
    return self.render(context)
  File "C:\Users\qiuqi\Desktop\km-system-v2\km-env\lib\site-packages\django\template\defaulttags.py", line 471, in render
    url = reverse(view_name, args=args, kwargs=kwargs, current_app=current_app)
  File "C:\Users\qiuqi\Desktop\km-system-v2\km-env\lib\site-packages\django\urls\base.py", line 88, in reverse
    return resolver._reverse_with_prefix(view, prefix, *args, **kwargs)
  File "C:\Users\qiuqi\Desktop\km-system-v2\km-env\lib\site-packages\django\urls\resolvers.py", line 828, in _reverse_with_prefix
    raise NoReverseMatch(msg)
django.urls.exceptions.NoReverseMatch: Reverse for '' not found. '' is not a valid view function or pattern name.
[2025-04-08 16:49:54] Internal Server Error: /admin/users/
Traceback (most recent call last):
  File "C:\Users\qiuqi\Desktop\km-system-v2\km-env\lib\site-packages\django\core\handlers\exception.py", line 55, in inner
    response = get_response(request)
  File "C:\Users\qiuqi\Desktop\km-system-v2\km-env\lib\site-packages\django\core\handlers\base.py", line 197, in _get_response
    response = wrapped_callback(request, *callback_args, **callback_kwargs)
  File "C:\Users\qiuqi\Desktop\km-system-v2\kmhub\appAdmin\views\users_view.py", line 8, in display_users
    return render(request, "pages/users.html", {"users": users})
  File "C:\Users\qiuqi\Desktop\km-system-v2\km-env\lib\site-packages\django\shortcuts.py", line 24, in render
    content = loader.render_to_string(template_name, context, request, using=using)
  File "C:\Users\qiuqi\Desktop\km-system-v2\km-env\lib\site-packages\django\template\loader.py", line 62, in render_to_string
    return template.render(context, request)
  File "C:\Users\qiuqi\Desktop\km-system-v2\km-env\lib\site-packages\django\template\backends\django.py", line 61, in render
    return self.template.render(context)
  File "C:\Users\qiuqi\Desktop\km-system-v2\km-env\lib\site-packages\django\template\base.py", line 175, in render
    return self._render(context)
  File "C:\Users\qiuqi\Desktop\km-system-v2\km-env\lib\site-packages\django\template\base.py", line 167, in _render
    return self.nodelist.render(context)
  File "C:\Users\qiuqi\Desktop\km-system-v2\km-env\lib\site-packages\django\template\base.py", line 1005, in render
    return SafeString("".join([node.render_annotated(context) for node in self]))
  File "C:\Users\qiuqi\Desktop\km-system-v2\km-env\lib\site-packages\django\template\base.py", line 1005, in <listcomp>
    return SafeString("".join([node.render_annotated(context) for node in self]))
  File "C:\Users\qiuqi\Desktop\km-system-v2\km-env\lib\site-packages\django\template\base.py", line 966, in render_annotated
    return self.render(context)
  File "C:\Users\qiuqi\Desktop\km-system-v2\km-env\lib\site-packages\django\template\loader_tags.py", line 157, in render
    return compiled_parent._render(context)
  File "C:\Users\qiuqi\Desktop\km-system-v2\km-env\lib\site-packages\django\template\base.py", line 167, in _render
    return self.nodelist.render(context)
  File "C:\Users\qiuqi\Desktop\km-system-v2\km-env\lib\site-packages\django\template\base.py", line 1005, in render
    return SafeString("".join([node.render_annotated(context) for node in self]))
  File "C:\Users\qiuqi\Desktop\km-system-v2\km-env\lib\site-packages\django\template\base.py", line 1005, in <listcomp>
    return SafeString("".join([node.render_annotated(context) for node in self]))
  File "C:\Users\qiuqi\Desktop\km-system-v2\km-env\lib\site-packages\django\template\base.py", line 966, in render_annotated
    return self.render(context)
  File "C:\Users\qiuqi\Desktop\km-system-v2\km-env\lib\site-packages\django\template\loader_tags.py", line 63, in render
    result = block.nodelist.render(context)
  File "C:\Users\qiuqi\Desktop\km-system-v2\km-env\lib\site-packages\django\template\base.py", line 1005, in render
    return SafeString("".join([node.render_annotated(context) for node in self]))
  File "C:\Users\qiuqi\Desktop\km-system-v2\km-env\lib\site-packages\django\template\base.py", line 1005, in <listcomp>
    return SafeString("".join([node.render_annotated(context) for node in self]))
  File "C:\Users\qiuqi\Desktop\km-system-v2\km-env\lib\site-packages\django\template\base.py", line 966, in render_annotated
    return self.render(context)
  File "C:\Users\qiuqi\Desktop\km-system-v2\km-env\lib\site-packages\django\template\defaulttags.py", line 471, in render
    url = reverse(view_name, args=args, kwargs=kwargs, current_app=current_app)
  File "C:\Users\qiuqi\Desktop\km-system-v2\km-env\lib\site-packages\django\urls\base.py", line 88, in reverse
    return resolver._reverse_with_prefix(view, prefix, *args, **kwargs)
  File "C:\Users\qiuqi\Desktop\km-system-v2\km-env\lib\site-packages\django\urls\resolvers.py", line 828, in _reverse_with_prefix
    raise NoReverseMatch(msg)
django.urls.exceptions.NoReverseMatch: Reverse for 'edit-user' not found. 'edit-user' is not a valid view function or pattern name.
[2025-04-08 16:50:42] Internal Server Error: /admin/users/
Traceback (most recent call last):
  File "C:\Users\qiuqi\Desktop\km-system-v2\km-env\lib\site-packages\django\core\handlers\exception.py", line 55, in inner
    response = get_response(request)
  File "C:\Users\qiuqi\Desktop\km-system-v2\km-env\lib\site-packages\django\core\handlers\base.py", line 197, in _get_response
    response = wrapped_callback(request, *callback_args, **callback_kwargs)
  File "C:\Users\qiuqi\Desktop\km-system-v2\kmhub\appAdmin\views\users_view.py", line 8, in display_users
    return render(request, "pages/users.html", {"users": users})
  File "C:\Users\qiuqi\Desktop\km-system-v2\km-env\lib\site-packages\django\shortcuts.py", line 24, in render
    content = loader.render_to_string(template_name, context, request, using=using)
  File "C:\Users\qiuqi\Desktop\km-system-v2\km-env\lib\site-packages\django\template\loader.py", line 62, in render_to_string
    return template.render(context, request)
  File "C:\Users\qiuqi\Desktop\km-system-v2\km-env\lib\site-packages\django\template\backends\django.py", line 61, in render
    return self.template.render(context)
  File "C:\Users\qiuqi\Desktop\km-system-v2\km-env\lib\site-packages\django\template\base.py", line 175, in render
    return self._render(context)
  File "C:\Users\qiuqi\Desktop\km-system-v2\km-env\lib\site-packages\django\template\base.py", line 167, in _render
    return self.nodelist.render(context)
  File "C:\Users\qiuqi\Desktop\km-system-v2\km-env\lib\site-packages\django\template\base.py", line 1005, in render
    return SafeString("".join([node.render_annotated(context) for node in self]))
  File "C:\Users\qiuqi\Desktop\km-system-v2\km-env\lib\site-packages\django\template\base.py", line 1005, in <listcomp>
    return SafeString("".join([node.render_annotated(context) for node in self]))
  File "C:\Users\qiuqi\Desktop\km-system-v2\km-env\lib\site-packages\django\template\base.py", line 966, in render_annotated
    return self.render(context)
  File "C:\Users\qiuqi\Desktop\km-system-v2\km-env\lib\site-packages\django\template\loader_tags.py", line 157, in render
    return compiled_parent._render(context)
  File "C:\Users\qiuqi\Desktop\km-system-v2\km-env\lib\site-packages\django\template\base.py", line 167, in _render
    return self.nodelist.render(context)
  File "C:\Users\qiuqi\Desktop\km-system-v2\km-env\lib\site-packages\django\template\base.py", line 1005, in render
    return SafeString("".join([node.render_annotated(context) for node in self]))
  File "C:\Users\qiuqi\Desktop\km-system-v2\km-env\lib\site-packages\django\template\base.py", line 1005, in <listcomp>
    return SafeString("".join([node.render_annotated(context) for node in self]))
  File "C:\Users\qiuqi\Desktop\km-system-v2\km-env\lib\site-packages\django\template\base.py", line 966, in render_annotated
    return self.render(context)
  File "C:\Users\qiuqi\Desktop\km-system-v2\km-env\lib\site-packages\django\template\loader_tags.py", line 63, in render
    result = block.nodelist.render(context)
  File "C:\Users\qiuqi\Desktop\km-system-v2\km-env\lib\site-packages\django\template\base.py", line 1005, in render
    return SafeString("".join([node.render_annotated(context) for node in self]))
  File "C:\Users\qiuqi\Desktop\km-system-v2\km-env\lib\site-packages\django\template\base.py", line 1005, in <listcomp>
    return SafeString("".join([node.render_annotated(context) for node in self]))
  File "C:\Users\qiuqi\Desktop\km-system-v2\km-env\lib\site-packages\django\template\base.py", line 966, in render_annotated
    return self.render(context)
  File "C:\Users\qiuqi\Desktop\km-system-v2\km-env\lib\site-packages\django\template\defaulttags.py", line 471, in render
    url = reverse(view_name, args=args, kwargs=kwargs, current_app=current_app)
  File "C:\Users\qiuqi\Desktop\km-system-v2\km-env\lib\site-packages\django\urls\base.py", line 88, in reverse
    return resolver._reverse_with_prefix(view, prefix, *args, **kwargs)
  File "C:\Users\qiuqi\Desktop\km-system-v2\km-env\lib\site-packages\django\urls\resolvers.py", line 828, in _reverse_with_prefix
    raise NoReverseMatch(msg)
django.urls.exceptions.NoReverseMatch: Reverse for 'edit-user' not found. 'edit-user' is not a valid view function or pattern name.
[2025-04-08 16:50:42] Not Found: /favicon.ico
[2025-04-21 14:46:18] Watching for file changes with StatReloader
[2025-04-21 14:46:50] Not Found: /favicon.ico
[2025-04-21 14:47:11] Internal Server Error: /admin/users/
Traceback (most recent call last):
  File "C:\Users\qiuqi\Desktop\km-system-v2\km-env\lib\site-packages\django\core\handlers\exception.py", line 55, in inner
    response = get_response(request)
  File "C:\Users\qiuqi\Desktop\km-system-v2\km-env\lib\site-packages\django\core\handlers\base.py", line 197, in _get_response
    response = wrapped_callback(request, *callback_args, **callback_kwargs)
  File "C:\Users\qiuqi\Desktop\km-system-v2\kmhub\appAdmin\views\users_view.py", line 8, in display_users
    return render(request, "pages/users.html", {"users": users})
  File "C:\Users\qiuqi\Desktop\km-system-v2\km-env\lib\site-packages\django\shortcuts.py", line 24, in render
    content = loader.render_to_string(template_name, context, request, using=using)
  File "C:\Users\qiuqi\Desktop\km-system-v2\km-env\lib\site-packages\django\template\loader.py", line 62, in render_to_string
    return template.render(context, request)
  File "C:\Users\qiuqi\Desktop\km-system-v2\km-env\lib\site-packages\django\template\backends\django.py", line 61, in render
    return self.template.render(context)
  File "C:\Users\qiuqi\Desktop\km-system-v2\km-env\lib\site-packages\django\template\base.py", line 175, in render
    return self._render(context)
  File "C:\Users\qiuqi\Desktop\km-system-v2\km-env\lib\site-packages\django\template\base.py", line 167, in _render
    return self.nodelist.render(context)
  File "C:\Users\qiuqi\Desktop\km-system-v2\km-env\lib\site-packages\django\template\base.py", line 1005, in render
    return SafeString("".join([node.render_annotated(context) for node in self]))
  File "C:\Users\qiuqi\Desktop\km-system-v2\km-env\lib\site-packages\django\template\base.py", line 1005, in <listcomp>
    return SafeString("".join([node.render_annotated(context) for node in self]))
  File "C:\Users\qiuqi\Desktop\km-system-v2\km-env\lib\site-packages\django\template\base.py", line 966, in render_annotated
    return self.render(context)
  File "C:\Users\qiuqi\Desktop\km-system-v2\km-env\lib\site-packages\django\template\loader_tags.py", line 157, in render
    return compiled_parent._render(context)
  File "C:\Users\qiuqi\Desktop\km-system-v2\km-env\lib\site-packages\django\template\base.py", line 167, in _render
    return self.nodelist.render(context)
  File "C:\Users\qiuqi\Desktop\km-system-v2\km-env\lib\site-packages\django\template\base.py", line 1005, in render
    return SafeString("".join([node.render_annotated(context) for node in self]))
  File "C:\Users\qiuqi\Desktop\km-system-v2\km-env\lib\site-packages\django\template\base.py", line 1005, in <listcomp>
    return SafeString("".join([node.render_annotated(context) for node in self]))
  File "C:\Users\qiuqi\Desktop\km-system-v2\km-env\lib\site-packages\django\template\base.py", line 966, in render_annotated
    return self.render(context)
  File "C:\Users\qiuqi\Desktop\km-system-v2\km-env\lib\site-packages\django\template\loader_tags.py", line 63, in render
    result = block.nodelist.render(context)
  File "C:\Users\qiuqi\Desktop\km-system-v2\km-env\lib\site-packages\django\template\base.py", line 1005, in render
    return SafeString("".join([node.render_annotated(context) for node in self]))
  File "C:\Users\qiuqi\Desktop\km-system-v2\km-env\lib\site-packages\django\template\base.py", line 1005, in <listcomp>
    return SafeString("".join([node.render_annotated(context) for node in self]))
  File "C:\Users\qiuqi\Desktop\km-system-v2\km-env\lib\site-packages\django\template\base.py", line 966, in render_annotated
    return self.render(context)
  File "C:\Users\qiuqi\Desktop\km-system-v2\km-env\lib\site-packages\django\template\defaulttags.py", line 471, in render
    url = reverse(view_name, args=args, kwargs=kwargs, current_app=current_app)
  File "C:\Users\qiuqi\Desktop\km-system-v2\km-env\lib\site-packages\django\urls\base.py", line 88, in reverse
    return resolver._reverse_with_prefix(view, prefix, *args, **kwargs)
  File "C:\Users\qiuqi\Desktop\km-system-v2\km-env\lib\site-packages\django\urls\resolvers.py", line 828, in _reverse_with_prefix
    raise NoReverseMatch(msg)
django.urls.exceptions.NoReverseMatch: Reverse for 'edit-user' not found. 'edit-user' is not a valid view function or pattern name.
[2025-04-21 14:54:04] C:\Users\qiuqi\Desktop\km-system-v2\kmhub\utils\get_models.py changed, reloading.
[2025-04-21 14:54:05] Watching for file changes with StatReloader
[2025-04-21 14:56:02] C:\Users\qiuqi\Desktop\km-system-v2\kmhub\appAdmin\views\dashboard_view.py changed, reloading.
[2025-04-21 14:56:03] Watching for file changes with StatReloader
[2025-04-21 14:58:31] C:\Users\qiuqi\Desktop\km-system-v2\kmhub\appAdmin\views\dashboard_view.py changed, reloading.
[2025-04-21 14:58:32] Watching for file changes with StatReloader
[2025-04-21 15:00:40] C:\Users\qiuqi\Desktop\km-system-v2\kmhub\appAdmin\views\dashboard_view.py changed, reloading.
[2025-04-21 15:00:42] Watching for file changes with StatReloader
[2025-04-21 15:00:45] C:\Users\qiuqi\Desktop\km-system-v2\kmhub\appAdmin\views\dashboard_view.py changed, reloading.
[2025-04-21 15:00:46] Watching for file changes with StatReloader
[2025-04-21 15:01:16] Internal Server Error: /admin/dashboard/
Traceback (most recent call last):
  File "C:\Users\qiuqi\Desktop\km-system-v2\km-env\lib\site-packages\django\core\handlers\exception.py", line 55, in inner
    response = get_response(request)
  File "C:\Users\qiuqi\Desktop\km-system-v2\km-env\lib\site-packages\django\core\handlers\base.py", line 197, in _get_response
    response = wrapped_callback(request, *callback_args, **callback_kwargs)
  File "C:\Users\qiuqi\Desktop\km-system-v2\kmhub\appAdmin\views\dashboard_view.py", line 18, in dashboard
    return render(request, "pages/dashboard.html", context)
  File "C:\Users\qiuqi\Desktop\km-system-v2\km-env\lib\site-packages\django\shortcuts.py", line 24, in render
    content = loader.render_to_string(template_name, context, request, using=using)
  File "C:\Users\qiuqi\Desktop\km-system-v2\km-env\lib\site-packages\django\template\loader.py", line 61, in render_to_string
    template = get_template(template_name, using=using)
  File "C:\Users\qiuqi\Desktop\km-system-v2\km-env\lib\site-packages\django\template\loader.py", line 15, in get_template
    return engine.get_template(template_name)
  File "C:\Users\qiuqi\Desktop\km-system-v2\km-env\lib\site-packages\django\template\backends\django.py", line 33, in get_template
    return Template(self.engine.get_template(template_name), self)
  File "C:\Users\qiuqi\Desktop\km-system-v2\km-env\lib\site-packages\django\template\engine.py", line 175, in get_template
    template, origin = self.find_template(template_name)
  File "C:\Users\qiuqi\Desktop\km-system-v2\km-env\lib\site-packages\django\template\engine.py", line 157, in find_template
    template = loader.get_template(name, skip=skip)
  File "C:\Users\qiuqi\Desktop\km-system-v2\km-env\lib\site-packages\django\template\loaders\cached.py", line 57, in get_template
    template = super().get_template(template_name, skip)
  File "C:\Users\qiuqi\Desktop\km-system-v2\km-env\lib\site-packages\django\template\loaders\base.py", line 28, in get_template
    return Template(
  File "C:\Users\qiuqi\Desktop\km-system-v2\km-env\lib\site-packages\django\template\base.py", line 154, in __init__
    self.nodelist = self.compile_nodelist()
  File "C:\Users\qiuqi\Desktop\km-system-v2\km-env\lib\site-packages\django\template\base.py", line 200, in compile_nodelist
    return parser.parse()
  File "C:\Users\qiuqi\Desktop\km-system-v2\km-env\lib\site-packages\django\template\base.py", line 513, in parse
    raise self.error(token, e)
  File "C:\Users\qiuqi\Desktop\km-system-v2\km-env\lib\site-packages\django\template\base.py", line 511, in parse
    compiled_result = compile_func(self, token)
  File "C:\Users\qiuqi\Desktop\km-system-v2\km-env\lib\site-packages\django\template\loader_tags.py", line 293, in do_extends
    nodelist = parser.parse()
  File "C:\Users\qiuqi\Desktop\km-system-v2\km-env\lib\site-packages\django\template\base.py", line 513, in parse
    raise self.error(token, e)
  File "C:\Users\qiuqi\Desktop\km-system-v2\km-env\lib\site-packages\django\template\base.py", line 511, in parse
    compiled_result = compile_func(self, token)
  File "C:\Users\qiuqi\Desktop\km-system-v2\km-env\lib\site-packages\django\template\loader_tags.py", line 232, in do_block
    nodelist = parser.parse(("endblock",))
  File "C:\Users\qiuqi\Desktop\km-system-v2\km-env\lib\site-packages\django\template\base.py", line 484, in parse
    raise self.error(token, e)
  File "C:\Users\qiuqi\Desktop\km-system-v2\km-env\lib\site-packages\django\template\base.py", line 482, in parse
    filter_expression = self.compile_filter(token.contents)
  File "C:\Users\qiuqi\Desktop\km-system-v2\km-env\lib\site-packages\django\template\base.py", line 600, in compile_filter
    return FilterExpression(token, self)
  File "C:\Users\qiuqi\Desktop\km-system-v2\km-env\lib\site-packages\django\template\base.py", line 703, in __init__
    raise TemplateSyntaxError(
django.template.exceptions.TemplateSyntaxError: Could not parse the remainder: '()' from 'accounts.count()'
[2025-04-21 15:07:20] C:\Users\qiuqi\Desktop\km-system-v2\kmhub\appAdmin\views\dashboard_view.py changed, reloading.
[2025-04-21 15:07:21] Watching for file changes with StatReloader
[2025-04-21 15:09:18] C:\Users\qiuqi\Desktop\km-system-v2\kmhub\appAdmin\views\dashboard_view.py changed, reloading.
[2025-04-21 15:09:19] Watching for file changes with StatReloader
[2025-04-21 15:09:28] C:\Users\qiuqi\Desktop\km-system-v2\kmhub\appAdmin\views\dashboard_view.py changed, reloading.
[2025-04-21 15:09:29] Watching for file changes with StatReloader
[2025-04-21 15:10:38] C:\Users\qiuqi\Desktop\km-system-v2\kmhub\appAdmin\views\dashboard_view.py changed, reloading.
[2025-04-21 15:10:39] Watching for file changes with StatReloader
[2025-04-21 15:10:54] C:\Users\qiuqi\Desktop\km-system-v2\kmhub\appAdmin\views\dashboard_view.py changed, reloading.
[2025-04-21 15:10:55] Watching for file changes with StatReloader
[2025-04-21 15:11:26] C:\Users\qiuqi\Desktop\km-system-v2\kmhub\appAdmin\views\dashboard_view.py changed, reloading.
[2025-04-21 15:11:27] Watching for file changes with StatReloader
[2025-04-21 15:14:26] C:\Users\qiuqi\Desktop\km-system-v2\kmhub\appAdmin\views\dashboard_view.py changed, reloading.
[2025-04-21 15:14:27] Watching for file changes with StatReloader
[2025-04-21 15:14:38] C:\Users\qiuqi\Desktop\km-system-v2\kmhub\appAdmin\views\dashboard_view.py changed, reloading.
[2025-04-21 15:14:39] Watching for file changes with StatReloader
[2025-04-21 15:49:21] C:\Users\qiuqi\Desktop\km-system-v2\kmhub\appCmi\models.py changed, reloading.
[2025-04-21 15:49:22] Watching for file changes with StatReloader
[2025-04-21 15:52:31] C:\Users\qiuqi\Desktop\km-system-v2\kmhub\appCmi\views\__init__.py changed, reloading.
[2025-04-21 15:52:32] Watching for file changes with StatReloader
[2025-04-21 15:53:40] C:\Users\qiuqi\Desktop\km-system-v2\kmhub\appCmi\urls\__init__.py changed, reloading.
[2025-04-21 15:53:41] Watching for file changes with StatReloader
[2025-04-21 15:53:46] C:\Users\qiuqi\Desktop\km-system-v2\kmhub\appCmi\urls\__init__.py changed, reloading.
[2025-04-21 15:53:47] Watching for file changes with StatReloader
[2025-04-21 15:54:03] C:\Users\qiuqi\Desktop\km-system-v2\kmhub\appCmi\urls\__init__.py changed, reloading.
[2025-04-21 15:54:04] Watching for file changes with StatReloader
[2025-04-21 15:54:14] C:\Users\qiuqi\Desktop\km-system-v2\kmhub\appCmi\urls\__init__.py changed, reloading.
[2025-04-21 15:54:15] Watching for file changes with StatReloader
[2025-04-21 16:02:35] Not Found: /cmis/message
[2025-04-21 16:02:35] Not Found: /favicon.ico
[2025-04-21 16:02:48] Internal Server Error: /cmis/message/
Traceback (most recent call last):
  File "C:\Users\qiuqi\Desktop\km-system-v2\km-env\lib\site-packages\django\core\handlers\exception.py", line 55, in inner
    response = get_response(request)
  File "C:\Users\qiuqi\Desktop\km-system-v2\km-env\lib\site-packages\django\core\handlers\base.py", line 197, in _get_response
    response = wrapped_callback(request, *callback_args, **callback_kwargs)
  File "C:\Users\qiuqi\Desktop\km-system-v2\kmhub\appCmi\views\cmi_message_view.py", line 17, in message
    return render(request, "pages/cmi-message.html", context)
  File "C:\Users\qiuqi\Desktop\km-system-v2\km-env\lib\site-packages\django\shortcuts.py", line 24, in render
    content = loader.render_to_string(template_name, context, request, using=using)
  File "C:\Users\qiuqi\Desktop\km-system-v2\km-env\lib\site-packages\django\template\loader.py", line 62, in render_to_string
    return template.render(context, request)
  File "C:\Users\qiuqi\Desktop\km-system-v2\km-env\lib\site-packages\django\template\backends\django.py", line 61, in render
    return self.template.render(context)
  File "C:\Users\qiuqi\Desktop\km-system-v2\km-env\lib\site-packages\django\template\base.py", line 175, in render
    return self._render(context)
  File "C:\Users\qiuqi\Desktop\km-system-v2\km-env\lib\site-packages\django\template\base.py", line 167, in _render
    return self.nodelist.render(context)
  File "C:\Users\qiuqi\Desktop\km-system-v2\km-env\lib\site-packages\django\template\base.py", line 1005, in render
    return SafeString("".join([node.render_annotated(context) for node in self]))
  File "C:\Users\qiuqi\Desktop\km-system-v2\km-env\lib\site-packages\django\template\base.py", line 1005, in <listcomp>
    return SafeString("".join([node.render_annotated(context) for node in self]))
  File "C:\Users\qiuqi\Desktop\km-system-v2\km-env\lib\site-packages\django\template\base.py", line 966, in render_annotated
    return self.render(context)
  File "C:\Users\qiuqi\Desktop\km-system-v2\km-env\lib\site-packages\django\template\loader_tags.py", line 157, in render
    return compiled_parent._render(context)
  File "C:\Users\qiuqi\Desktop\km-system-v2\km-env\lib\site-packages\django\template\base.py", line 167, in _render
    return self.nodelist.render(context)
  File "C:\Users\qiuqi\Desktop\km-system-v2\km-env\lib\site-packages\django\template\base.py", line 1005, in render
    return SafeString("".join([node.render_annotated(context) for node in self]))
  File "C:\Users\qiuqi\Desktop\km-system-v2\km-env\lib\site-packages\django\template\base.py", line 1005, in <listcomp>
    return SafeString("".join([node.render_annotated(context) for node in self]))
  File "C:\Users\qiuqi\Desktop\km-system-v2\km-env\lib\site-packages\django\template\base.py", line 966, in render_annotated
    return self.render(context)
  File "C:\Users\qiuqi\Desktop\km-system-v2\km-env\lib\site-packages\django\template\loader_tags.py", line 63, in render
    result = block.nodelist.render(context)
  File "C:\Users\qiuqi\Desktop\km-system-v2\km-env\lib\site-packages\django\template\base.py", line 1005, in render
    return SafeString("".join([node.render_annotated(context) for node in self]))
  File "C:\Users\qiuqi\Desktop\km-system-v2\km-env\lib\site-packages\django\template\base.py", line 1005, in <listcomp>
    return SafeString("".join([node.render_annotated(context) for node in self]))
  File "C:\Users\qiuqi\Desktop\km-system-v2\km-env\lib\site-packages\django\template\base.py", line 966, in render_annotated
    return self.render(context)
  File "C:\Users\qiuqi\Desktop\km-system-v2\km-env\lib\site-packages\django\template\defaulttags.py", line 471, in render
    url = reverse(view_name, args=args, kwargs=kwargs, current_app=current_app)
  File "C:\Users\qiuqi\Desktop\km-system-v2\km-env\lib\site-packages\django\urls\base.py", line 88, in reverse
    return resolver._reverse_with_prefix(view, prefix, *args, **kwargs)
  File "C:\Users\qiuqi\Desktop\km-system-v2\km-env\lib\site-packages\django\urls\resolvers.py", line 828, in _reverse_with_prefix
    raise NoReverseMatch(msg)
django.urls.exceptions.NoReverseMatch: Reverse for 'message-admin' not found. 'message-admin' is not a valid view function or pattern name.
[2025-04-22 08:58:58] Watching for file changes with StatReloader
[2025-04-22 09:05:44] Not Found: /favicon.ico
[2025-04-22 10:09:23] C:\Users\qiuqi\Desktop\km-system-v2\kmhub\appAccounts\models.py changed, reloading.
[2025-04-22 10:09:25] Watching for file changes with StatReloader
[2025-04-22 10:12:47] C:\Users\qiuqi\Desktop\km-system-v2\kmhub\appCmi\views\__init__.py changed, reloading.
[2025-04-22 10:12:48] Watching for file changes with StatReloader
[2025-04-22 10:14:17] C:\Users\qiuqi\Desktop\km-system-v2\kmhub\appCmi\urls\__init__.py changed, reloading.
[2025-04-22 10:14:18] Watching for file changes with StatReloader
[2025-04-22 10:17:30] Internal Server Error: /cmis/cmi-profile/
Traceback (most recent call last):
  File "C:\Users\qiuqi\Desktop\km-system-v2\km-env\lib\site-packages\django\template\base.py", line 505, in parse
    compile_func = self.tags[command]
KeyError: 'static'

During handling of the above exception, another exception occurred:

Traceback (most recent call last):
  File "C:\Users\qiuqi\Desktop\km-system-v2\km-env\lib\site-packages\django\core\handlers\exception.py", line 55, in inner
    response = get_response(request)
  File "C:\Users\qiuqi\Desktop\km-system-v2\km-env\lib\site-packages\django\core\handlers\base.py", line 197, in _get_response
    response = wrapped_callback(request, *callback_args, **callback_kwargs)
  File "C:\Users\qiuqi\Desktop\km-system-v2\kmhub\appCmi\views\cmi_user_profile_view.py", line 17, in cmi_profile
    return render(request, "pages/cmi-user-profile.html", context)
  File "C:\Users\qiuqi\Desktop\km-system-v2\km-env\lib\site-packages\django\shortcuts.py", line 24, in render
    content = loader.render_to_string(template_name, context, request, using=using)
  File "C:\Users\qiuqi\Desktop\km-system-v2\km-env\lib\site-packages\django\template\loader.py", line 61, in render_to_string
    template = get_template(template_name, using=using)
  File "C:\Users\qiuqi\Desktop\km-system-v2\km-env\lib\site-packages\django\template\loader.py", line 15, in get_template
    return engine.get_template(template_name)
  File "C:\Users\qiuqi\Desktop\km-system-v2\km-env\lib\site-packages\django\template\backends\django.py", line 33, in get_template
    return Template(self.engine.get_template(template_name), self)
  File "C:\Users\qiuqi\Desktop\km-system-v2\km-env\lib\site-packages\django\template\engine.py", line 175, in get_template
    template, origin = self.find_template(template_name)
  File "C:\Users\qiuqi\Desktop\km-system-v2\km-env\lib\site-packages\django\template\engine.py", line 157, in find_template
    template = loader.get_template(name, skip=skip)
  File "C:\Users\qiuqi\Desktop\km-system-v2\km-env\lib\site-packages\django\template\loaders\cached.py", line 57, in get_template
    template = super().get_template(template_name, skip)
  File "C:\Users\qiuqi\Desktop\km-system-v2\km-env\lib\site-packages\django\template\loaders\base.py", line 28, in get_template
    return Template(
  File "C:\Users\qiuqi\Desktop\km-system-v2\km-env\lib\site-packages\django\template\base.py", line 154, in __init__
    self.nodelist = self.compile_nodelist()
  File "C:\Users\qiuqi\Desktop\km-system-v2\km-env\lib\site-packages\django\template\base.py", line 200, in compile_nodelist
    return parser.parse()
  File "C:\Users\qiuqi\Desktop\km-system-v2\km-env\lib\site-packages\django\template\base.py", line 507, in parse
    self.invalid_block_tag(token, command, parse_until)
  File "C:\Users\qiuqi\Desktop\km-system-v2\km-env\lib\site-packages\django\template\base.py", line 568, in invalid_block_tag
    raise self.error(
django.template.exceptions.TemplateSyntaxError: Invalid block tag on line 8: 'static'. Did you forget to register or load this tag?
[2025-04-22 10:40:01] C:\Users\qiuqi\Desktop\km-system-v2\kmhub\appCmi\views\cmi_user_profile_view.py changed, reloading.
[2025-04-22 10:40:03] Watching for file changes with StatReloader
[2025-04-22 10:41:53] C:\Users\qiuqi\Desktop\km-system-v2\kmhub\appAccounts\models.py changed, reloading.
[2025-04-22 10:41:54] Watching for file changes with StatReloader
[2025-04-22 10:56:56] C:\Users\qiuqi\Desktop\km-system-v2\kmhub\appCmi\views\cmi_user_profile_view.py changed, reloading.
[2025-04-22 10:56:58] Watching for file changes with StatReloader
[2025-04-22 10:57:23] Watching for file changes with StatReloader
[2025-04-22 10:57:42] C:\Users\qiuqi\Desktop\km-system-v2\kmhub\appCmi\urls\cmi_user_profile_url.py changed, reloading.
[2025-04-22 10:57:43] Watching for file changes with StatReloader
[2025-04-22 10:57:43] Not Found: /cmis/cmi-profile/
[2025-04-22 10:57:44] Not Found: /favicon.ico
[2025-04-22 11:03:13] C:\Users\qiuqi\Desktop\km-system-v2\kmhub\appAccounts\forms.py changed, reloading.
[2025-04-22 11:03:14] Watching for file changes with StatReloader
[2025-04-22 11:04:15] C:\Users\qiuqi\Desktop\km-system-v2\kmhub\appAccounts\models.py changed, reloading.
[2025-04-22 11:04:16] Watching for file changes with StatReloader
[2025-04-22 11:04:43] Watching for file changes with StatReloader
[2025-04-22 11:05:01] C:\Users\qiuqi\Desktop\km-system-v2\kmhub\appCmi\views\cmi_user_profile_view.py changed, reloading.
[2025-04-22 11:05:03] Watching for file changes with StatReloader
[2025-04-22 11:05:13] C:\Users\qiuqi\Desktop\km-system-v2\kmhub\appCmi\views\cmi_user_profile_view.py changed, reloading.
[2025-04-22 11:05:14] Watching for file changes with StatReloader
[2025-04-22 11:05:21] C:\Users\qiuqi\Desktop\km-system-v2\kmhub\appCmi\views\cmi_user_profile_view.py changed, reloading.
[2025-04-22 11:05:22] Watching for file changes with StatReloader
[2025-04-22 11:05:25] C:\Users\qiuqi\Desktop\km-system-v2\kmhub\appCmi\views\cmi_user_profile_view.py changed, reloading.
[2025-04-22 11:05:26] Watching for file changes with StatReloader
[2025-04-22 11:05:55] C:\Users\qiuqi\Desktop\km-system-v2\kmhub\appCmi\views\__init__.py changed, reloading.
[2025-04-22 11:05:56] Watching for file changes with StatReloader
[2025-04-22 11:06:51] C:\Users\qiuqi\Desktop\km-system-v2\kmhub\appCmi\urls\cmi_user_profile_url.py changed, reloading.
[2025-04-22 11:06:53] Watching for file changes with StatReloader
[2025-04-22 11:11:20] Forbidden (CSRF token missing.): /cmis/upload-profile-picture/
[2025-04-22 11:11:20] Forbidden (CSRF token missing.): /cmis/upload-profile-picture/
[2025-04-22 11:11:59] Importing BlpImagePlugin
[2025-04-22 11:11:59] Importing BlpImagePlugin
[2025-04-22 11:11:59] Importing BmpImagePlugin
[2025-04-22 11:11:59] Importing BmpImagePlugin
[2025-04-22 11:11:59] Importing BufrStubImagePlugin
[2025-04-22 11:11:59] Importing BufrStubImagePlugin
[2025-04-22 11:11:59] Importing CurImagePlugin
[2025-04-22 11:11:59] Importing CurImagePlugin
[2025-04-22 11:11:59] Importing DcxImagePlugin
[2025-04-22 11:11:59] Importing DcxImagePlugin
[2025-04-22 11:11:59] Importing DdsImagePlugin
[2025-04-22 11:11:59] Importing DdsImagePlugin
[2025-04-22 11:11:59] Importing EpsImagePlugin
[2025-04-22 11:11:59] Importing EpsImagePlugin
[2025-04-22 11:11:59] Importing FitsImagePlugin
[2025-04-22 11:11:59] Importing FitsImagePlugin
[2025-04-22 11:11:59] Importing FliImagePlugin
[2025-04-22 11:11:59] Importing FliImagePlugin
[2025-04-22 11:11:59] Importing FpxImagePlugin
[2025-04-22 11:11:59] Importing FpxImagePlugin
[2025-04-22 11:11:59] Image: failed to import FpxImagePlugin: No module named 'olefile'
[2025-04-22 11:11:59] Importing FtexImagePlugin
[2025-04-22 11:11:59] Importing FtexImagePlugin
[2025-04-22 11:11:59] Importing GbrImagePlugin
[2025-04-22 11:11:59] Importing GbrImagePlugin
[2025-04-22 11:11:59] Importing GifImagePlugin
[2025-04-22 11:11:59] Importing GifImagePlugin
[2025-04-22 11:11:59] Importing GribStubImagePlugin
[2025-04-22 11:11:59] Importing GribStubImagePlugin
[2025-04-22 11:11:59] Importing Hdf5StubImagePlugin
[2025-04-22 11:11:59] Importing Hdf5StubImagePlugin
[2025-04-22 11:11:59] Importing IcnsImagePlugin
[2025-04-22 11:11:59] Importing IcnsImagePlugin
[2025-04-22 11:11:59] Importing IcoImagePlugin
[2025-04-22 11:11:59] Importing IcoImagePlugin
[2025-04-22 11:11:59] Importing ImImagePlugin
[2025-04-22 11:11:59] Importing ImImagePlugin
[2025-04-22 11:11:59] Importing ImtImagePlugin
[2025-04-22 11:11:59] Importing ImtImagePlugin
[2025-04-22 11:11:59] Importing IptcImagePlugin
[2025-04-22 11:11:59] Importing IptcImagePlugin
[2025-04-22 11:11:59] Importing JpegImagePlugin
[2025-04-22 11:11:59] Importing Jpeg2KImagePlugin
[2025-04-22 11:11:59] Importing JpegImagePlugin
[2025-04-22 11:11:59] Importing McIdasImagePlugin
[2025-04-22 11:11:59] Importing Jpeg2KImagePlugin
[2025-04-22 11:11:59] Importing McIdasImagePlugin
[2025-04-22 11:11:59] Importing MicImagePlugin
[2025-04-22 11:11:59] Importing MicImagePlugin
[2025-04-22 11:11:59] Image: failed to import MicImagePlugin: No module named 'olefile'
[2025-04-22 11:11:59] Importing MpegImagePlugin
[2025-04-22 11:11:59] Importing MpegImagePlugin
[2025-04-22 11:11:59] Importing MpoImagePlugin
[2025-04-22 11:11:59] Importing MpoImagePlugin
[2025-04-22 11:11:59] Importing MspImagePlugin
[2025-04-22 11:11:59] Importing MspImagePlugin
[2025-04-22 11:11:59] Importing PalmImagePlugin
[2025-04-22 11:11:59] Importing PalmImagePlugin
[2025-04-22 11:11:59] Importing PcdImagePlugin
[2025-04-22 11:11:59] Importing PcdImagePlugin
[2025-04-22 11:11:59] Importing PcxImagePlugin
[2025-04-22 11:11:59] Importing PcxImagePlugin
[2025-04-22 11:11:59] Importing PdfImagePlugin
[2025-04-22 11:11:59] Importing PdfImagePlugin
[2025-04-22 11:11:59] Importing PixarImagePlugin
[2025-04-22 11:11:59] Importing PixarImagePlugin
[2025-04-22 11:11:59] Importing PngImagePlugin
[2025-04-22 11:11:59] Importing PpmImagePlugin
[2025-04-22 11:11:59] Importing PsdImagePlugin
[2025-04-22 11:11:59] Importing PngImagePlugin
[2025-04-22 11:11:59] Importing PpmImagePlugin
[2025-04-22 11:11:59] Importing PsdImagePlugin
[2025-04-22 11:11:59] Importing QoiImagePlugin
[2025-04-22 11:11:59] Importing QoiImagePlugin
[2025-04-22 11:11:59] Importing SgiImagePlugin
[2025-04-22 11:11:59] Importing SgiImagePlugin
[2025-04-22 11:11:59] Importing SpiderImagePlugin
[2025-04-22 11:11:59] Importing SpiderImagePlugin
[2025-04-22 11:11:59] Importing SunImagePlugin
[2025-04-22 11:11:59] Importing SunImagePlugin
[2025-04-22 11:11:59] Importing TgaImagePlugin
[2025-04-22 11:11:59] Importing TgaImagePlugin
[2025-04-22 11:11:59] Importing TiffImagePlugin
[2025-04-22 11:11:59] Importing TiffImagePlugin
[2025-04-22 11:11:59] Importing WebPImagePlugin
[2025-04-22 11:11:59] Importing WebPImagePlugin
[2025-04-22 11:11:59] Importing WmfImagePlugin
[2025-04-22 11:11:59] Importing WmfImagePlugin
[2025-04-22 11:11:59] Importing XbmImagePlugin
[2025-04-22 11:11:59] Importing XbmImagePlugin
[2025-04-22 11:11:59] Importing XpmImagePlugin
[2025-04-22 11:11:59] Importing XpmImagePlugin
[2025-04-22 11:11:59] Importing XVThumbImagePlugin
[2025-04-22 11:11:59] Importing XVThumbImagePlugin
[2025-04-22 11:13:06] C:\Users\qiuqi\Desktop\km-system-v2\kmhub\appCmi\views\cmi_user_profile_view.py changed, reloading.
[2025-04-22 11:13:07] Watching for file changes with StatReloader
[2025-04-22 11:13:14] C:\Users\qiuqi\Desktop\km-system-v2\kmhub\appCmi\views\cmi_user_profile_view.py changed, reloading.
[2025-04-22 11:13:15] Watching for file changes with StatReloader
[2025-04-22 11:14:51] C:\Users\qiuqi\Desktop\km-system-v2\kmhub\appCmi\views\cmi_user_profile_view.py changed, reloading.
[2025-04-22 11:14:52] Watching for file changes with StatReloader
[2025-04-22 11:15:42] C:\Users\qiuqi\Desktop\km-system-v2\kmhub\appCmi\views\cmi_user_profile_view.py changed, reloading.
[2025-04-22 11:15:43] Watching for file changes with StatReloader
[2025-04-22 11:15:54] C:\Users\qiuqi\Desktop\km-system-v2\kmhub\appAccounts\models.py changed, reloading.
[2025-04-22 11:15:55] Watching for file changes with StatReloader
[2025-04-22 11:16:18] Watching for file changes with StatReloader
[2025-04-22 11:18:10] C:\Users\qiuqi\Desktop\km-system-v2\kmhub\appCmi\views\cmi_user_profile_view.py changed, reloading.
[2025-04-22 11:18:11] Watching for file changes with StatReloader
[2025-04-22 11:18:28] Internal Server Error: /cmis/profile/
Traceback (most recent call last):
  File "C:\Users\qiuqi\Desktop\km-system-v2\km-env\lib\site-packages\django\db\models\fields\__init__.py", line 2053, in get_prep_value
    return int(value)
ValueError: invalid literal for int() with base 10: 'cfGHoPyHg6oq'

The above exception was the direct cause of the following exception:

Traceback (most recent call last):
  File "C:\Users\qiuqi\Desktop\km-system-v2\km-env\lib\site-packages\django\core\handlers\exception.py", line 55, in inner
    response = get_response(request)
  File "C:\Users\qiuqi\Desktop\km-system-v2\km-env\lib\site-packages\django\core\handlers\base.py", line 197, in _get_response
    response = wrapped_callback(request, *callback_args, **callback_kwargs)
  File "C:\Users\qiuqi\Desktop\km-system-v2\kmhub\appCmi\views\cmi_user_profile_view.py", line 18, in display_cmi_profile
    user_profile = Profile.objects.get(user_slug_id=user)
  File "C:\Users\qiuqi\Desktop\km-system-v2\km-env\lib\site-packages\django\db\models\manager.py", line 87, in manager_method
    return getattr(self.get_queryset(), name)(*args, **kwargs)
  File "C:\Users\qiuqi\Desktop\km-system-v2\km-env\lib\site-packages\django\db\models\query.py", line 623, in get
    clone = self._chain() if self.query.combinator else self.filter(*args, **kwargs)
  File "C:\Users\qiuqi\Desktop\km-system-v2\km-env\lib\site-packages\django\db\models\query.py", line 1436, in filter
    return self._filter_or_exclude(False, args, kwargs)
  File "C:\Users\qiuqi\Desktop\km-system-v2\km-env\lib\site-packages\django\db\models\query.py", line 1454, in _filter_or_exclude
    clone._filter_or_exclude_inplace(negate, args, kwargs)
  File "C:\Users\qiuqi\Desktop\km-system-v2\km-env\lib\site-packages\django\db\models\query.py", line 1461, in _filter_or_exclude_inplace
    self._query.add_q(Q(*args, **kwargs))
  File "C:\Users\qiuqi\Desktop\km-system-v2\km-env\lib\site-packages\django\db\models\sql\query.py", line 1545, in add_q
    clause, _ = self._add_q(q_object, self.used_aliases)
  File "C:\Users\qiuqi\Desktop\km-system-v2\km-env\lib\site-packages\django\db\models\sql\query.py", line 1576, in _add_q
    child_clause, needed_inner = self.build_filter(
  File "C:\Users\qiuqi\Desktop\km-system-v2\km-env\lib\site-packages\django\db\models\sql\query.py", line 1491, in build_filter
    condition = self.build_lookup(lookups, col, value)
  File "C:\Users\qiuqi\Desktop\km-system-v2\km-env\lib\site-packages\django\db\models\sql\query.py", line 1318, in build_lookup
    lookup = lookup_class(lhs, rhs)
  File "C:\Users\qiuqi\Desktop\km-system-v2\km-env\lib\site-packages\django\db\models\lookups.py", line 27, in __init__
    self.rhs = self.get_prep_lookup()
  File "C:\Users\qiuqi\Desktop\km-system-v2\km-env\lib\site-packages\django\db\models\fields\related_lookups.py", line 166, in get_prep_lookup
    self.rhs = target_field.get_prep_value(self.rhs)
  File "C:\Users\qiuqi\Desktop\km-system-v2\km-env\lib\site-packages\django\db\models\fields\__init__.py", line 2055, in get_prep_value
    raise e.__class__(
ValueError: Field 'id' expected a number but got 'cfGHoPyHg6oq'.
[2025-04-22 11:18:28] Not Found: /favicon.ico
[2025-04-22 11:19:34] C:\Users\qiuqi\Desktop\km-system-v2\kmhub\appAccounts\models.py changed, reloading.
[2025-04-22 11:19:35] Watching for file changes with StatReloader
[2025-04-22 11:19:48] Watching for file changes with StatReloader
[2025-04-22 11:21:04] C:\Users\qiuqi\Desktop\km-system-v2\kmhub\appCmi\views\cmi_user_profile_view.py changed, reloading.
[2025-04-22 11:21:05] Watching for file changes with StatReloader
[2025-04-22 11:21:12] Internal Server Error: /cmis/profile/
Traceback (most recent call last):
  File "C:\Users\qiuqi\Desktop\km-system-v2\km-env\lib\site-packages\django\core\handlers\exception.py", line 55, in inner
    response = get_response(request)
  File "C:\Users\qiuqi\Desktop\km-system-v2\km-env\lib\site-packages\django\core\handlers\base.py", line 197, in _get_response
    response = wrapped_callback(request, *callback_args, **callback_kwargs)
  File "C:\Users\qiuqi\Desktop\km-system-v2\kmhub\appCmi\views\cmi_user_profile_view.py", line 17, in display_cmi_profile
    user_profile = Profile.objects.get(user=user)
  File "C:\Users\qiuqi\Desktop\km-system-v2\km-env\lib\site-packages\django\db\models\manager.py", line 87, in manager_method
    return getattr(self.get_queryset(), name)(*args, **kwargs)
  File "C:\Users\qiuqi\Desktop\km-system-v2\km-env\lib\site-packages\django\db\models\query.py", line 637, in get
    raise self.model.DoesNotExist(
appAccounts.models.Profile.DoesNotExist: Profile matching query does not exist.
[2025-04-22 11:24:37] C:\Users\qiuqi\Desktop\km-system-v2\kmhub\appCmi\views\cmi_user_profile_view.py changed, reloading.
[2025-04-22 11:24:38] Watching for file changes with StatReloader
[2025-04-22 11:25:03] Importing BlpImagePlugin
[2025-04-22 11:25:03] Importing BlpImagePlugin
[2025-04-22 11:25:03] Importing BmpImagePlugin
[2025-04-22 11:25:03] Importing BufrStubImagePlugin
[2025-04-22 11:25:03] Importing BmpImagePlugin
[2025-04-22 11:25:03] Importing BufrStubImagePlugin
[2025-04-22 11:25:03] Importing CurImagePlugin
[2025-04-22 11:25:03] Importing CurImagePlugin
[2025-04-22 11:25:03] Importing DcxImagePlugin
[2025-04-22 11:25:03] Importing DcxImagePlugin
[2025-04-22 11:25:03] Importing DdsImagePlugin
[2025-04-22 11:25:03] Importing DdsImagePlugin
[2025-04-22 11:25:03] Importing EpsImagePlugin
[2025-04-22 11:25:03] Importing EpsImagePlugin
[2025-04-22 11:25:03] Importing FitsImagePlugin
[2025-04-22 11:25:03] Importing FitsImagePlugin
[2025-04-22 11:25:03] Importing FliImagePlugin
[2025-04-22 11:25:04] Importing FliImagePlugin
[2025-04-22 11:25:04] Importing FpxImagePlugin
[2025-04-22 11:25:04] Importing FpxImagePlugin
[2025-04-22 11:25:04] Image: failed to import FpxImagePlugin: No module named 'olefile'
[2025-04-22 11:25:04] Importing FtexImagePlugin
[2025-04-22 11:25:04] Importing GbrImagePlugin
[2025-04-22 11:25:04] Image: failed to import FpxImagePlugin: No module named 'olefile'
[2025-04-22 11:25:04] Importing FtexImagePlugin
[2025-04-22 11:25:04] Importing GbrImagePlugin
[2025-04-22 11:25:04] Importing GifImagePlugin
[2025-04-22 11:25:04] Importing GifImagePlugin
[2025-04-22 11:25:04] Importing GribStubImagePlugin
[2025-04-22 11:25:04] Importing GribStubImagePlugin
[2025-04-22 11:25:04] Importing Hdf5StubImagePlugin
[2025-04-22 11:25:04] Importing Hdf5StubImagePlugin
[2025-04-22 11:25:04] Importing IcnsImagePlugin
[2025-04-22 11:25:04] Importing IcnsImagePlugin
[2025-04-22 11:25:04] Importing IcoImagePlugin
[2025-04-22 11:25:04] Importing IcoImagePlugin
[2025-04-22 11:25:04] Importing ImImagePlugin
[2025-04-22 11:25:04] Importing ImImagePlugin
[2025-04-22 11:25:04] Importing ImtImagePlugin
[2025-04-22 11:25:04] Importing ImtImagePlugin
[2025-04-22 11:25:04] Importing IptcImagePlugin
[2025-04-22 11:25:04] Importing IptcImagePlugin
[2025-04-22 11:25:04] Importing JpegImagePlugin
[2025-04-22 11:25:04] Importing JpegImagePlugin
[2025-04-22 11:25:04] Importing Jpeg2KImagePlugin
[2025-04-22 11:25:04] Importing Jpeg2KImagePlugin
[2025-04-22 11:25:04] Importing McIdasImagePlugin
[2025-04-22 11:25:04] Importing McIdasImagePlugin
[2025-04-22 11:25:04] Importing MicImagePlugin
[2025-04-22 11:25:04] Importing MicImagePlugin
[2025-04-22 11:25:04] Image: failed to import MicImagePlugin: No module named 'olefile'
[2025-04-22 11:25:04] Importing MpegImagePlugin
[2025-04-22 11:25:04] Importing MpoImagePlugin
[2025-04-22 11:25:04] Image: failed to import MicImagePlugin: No module named 'olefile'
[2025-04-22 11:25:04] Importing MpegImagePlugin
[2025-04-22 11:25:04] Importing MpoImagePlugin
[2025-04-22 11:25:04] Importing MspImagePlugin
[2025-04-22 11:25:04] Importing MspImagePlugin
[2025-04-22 11:25:04] Importing PalmImagePlugin
[2025-04-22 11:25:04] Importing PalmImagePlugin
[2025-04-22 11:25:04] Importing PcdImagePlugin
[2025-04-22 11:25:04] Importing PcdImagePlugin
[2025-04-22 11:25:04] Importing PcxImagePlugin
[2025-04-22 11:25:04] Importing PcxImagePlugin
[2025-04-22 11:25:04] Importing PdfImagePlugin
[2025-04-22 11:25:04] Importing PdfImagePlugin
[2025-04-22 11:25:04] Importing PixarImagePlugin
[2025-04-22 11:25:04] Importing PixarImagePlugin
[2025-04-22 11:25:04] Importing PngImagePlugin
[2025-04-22 11:25:04] Importing PngImagePlugin
[2025-04-22 11:25:04] Importing PpmImagePlugin
[2025-04-22 11:25:04] Importing PpmImagePlugin
[2025-04-22 11:25:04] Importing PsdImagePlugin
[2025-04-22 11:25:04] Importing PsdImagePlugin
[2025-04-22 11:25:04] Importing QoiImagePlugin
[2025-04-22 11:25:04] Importing QoiImagePlugin
[2025-04-22 11:25:04] Importing SgiImagePlugin
[2025-04-22 11:25:04] Importing SgiImagePlugin
[2025-04-22 11:25:04] Importing SpiderImagePlugin
[2025-04-22 11:25:04] Importing SpiderImagePlugin
[2025-04-22 11:25:04] Importing SunImagePlugin
[2025-04-22 11:25:04] Importing SunImagePlugin
[2025-04-22 11:25:04] Importing TgaImagePlugin
[2025-04-22 11:25:04] Importing TgaImagePlugin
[2025-04-22 11:25:04] Importing TiffImagePlugin
[2025-04-22 11:25:04] Importing TiffImagePlugin
[2025-04-22 11:25:04] Importing WebPImagePlugin
[2025-04-22 11:25:04] Importing WebPImagePlugin
[2025-04-22 11:25:04] Importing WmfImagePlugin
[2025-04-22 11:25:04] Importing WmfImagePlugin
[2025-04-22 11:25:04] Importing XbmImagePlugin
[2025-04-22 11:25:04] Importing XbmImagePlugin
[2025-04-22 11:25:04] Importing XpmImagePlugin
[2025-04-22 11:25:04] Importing XpmImagePlugin
[2025-04-22 11:25:04] Importing XVThumbImagePlugin
[2025-04-22 11:25:04] Importing XVThumbImagePlugin
[2025-04-22 11:25:07] Internal Server Error: /cmis/profile/
Traceback (most recent call last):
  File "C:\Users\qiuqi\Desktop\km-system-v2\km-env\lib\site-packages\django\core\handlers\exception.py", line 55, in inner
    response = get_response(request)
  File "C:\Users\qiuqi\Desktop\km-system-v2\km-env\lib\site-packages\django\core\handlers\base.py", line 197, in _get_response
    response = wrapped_callback(request, *callback_args, **callback_kwargs)
  File "C:\Users\qiuqi\Desktop\km-system-v2\kmhub\appCmi\views\cmi_user_profile_view.py", line 20, in display_cmi_profile
    user_profile = Profile.objects.get(user=user)
  File "C:\Users\qiuqi\Desktop\km-system-v2\km-env\lib\site-packages\django\db\models\manager.py", line 87, in manager_method
    return getattr(self.get_queryset(), name)(*args, **kwargs)
  File "C:\Users\qiuqi\Desktop\km-system-v2\km-env\lib\site-packages\django\db\models\query.py", line 640, in get
    raise self.model.MultipleObjectsReturned(
appAccounts.models.Profile.MultipleObjectsReturned: get() returned more than one Profile -- it returned 2!
[2025-04-22 11:25:47] STREAM b'IHDR' 16 13
[2025-04-22 11:25:47] STREAM b'pHYs' 41 9
[2025-04-22 11:25:47] STREAM b'iCCP' 62 2639
[2025-04-22 11:25:47] iCCP profile name b'Photoshop ICC profile'
[2025-04-22 11:25:47] Compression method 0
[2025-04-22 11:25:47] STREAM b'cHRM' 2713 32
[2025-04-22 11:25:47] STREAM b'IDAT' 2757 116127
[2025-04-22 11:25:47] STREAM b'IHDR' 16 13
[2025-04-22 11:25:47] STREAM b'pHYs' 41 9
[2025-04-22 11:25:47] STREAM b'iCCP' 62 2639
[2025-04-22 11:25:47] iCCP profile name b'Photoshop ICC profile'
[2025-04-22 11:25:47] Compression method 0
[2025-04-22 11:25:47] STREAM b'cHRM' 2713 32
[2025-04-22 11:25:47] STREAM b'IDAT' 2757 116127
[2025-04-22 13:31:48] C:\Users\qiuqi\Desktop\km-system-v2\kmhub\appAccounts\forms.py changed, reloading.
[2025-04-22 13:31:49] Watching for file changes with StatReloader
[2025-04-22 13:32:07] C:\Users\qiuqi\Desktop\km-system-v2\kmhub\appCmi\views\cmi_user_profile_view.py changed, reloading.
[2025-04-22 13:32:08] Watching for file changes with StatReloader
[2025-04-22 13:32:33] C:\Users\qiuqi\Desktop\km-system-v2\kmhub\appCmi\views\cmi_user_profile_view.py changed, reloading.
[2025-04-22 13:32:34] Watching for file changes with StatReloader
[2025-04-22 13:32:40] C:\Users\qiuqi\Desktop\km-system-v2\kmhub\appCmi\views\__init__.py changed, reloading.
[2025-04-22 13:32:41] Watching for file changes with StatReloader
[2025-04-22 13:33:15] C:\Users\qiuqi\Desktop\km-system-v2\kmhub\appCmi\urls\cmi_user_profile_url.py changed, reloading.
[2025-04-22 13:33:16] Watching for file changes with StatReloader
[2025-04-22 13:51:14] Internal Server Error: /cmis/profile/
Traceback (most recent call last):
  File "C:\Users\qiuqi\Desktop\km-system-v2\km-env\lib\site-packages\django\core\handlers\exception.py", line 55, in inner
    response = get_response(request)
  File "C:\Users\qiuqi\Desktop\km-system-v2\km-env\lib\site-packages\django\core\handlers\base.py", line 197, in _get_response
    response = wrapped_callback(request, *callback_args, **callback_kwargs)
  File "C:\Users\qiuqi\Desktop\km-system-v2\kmhub\appCmi\views\cmi_user_profile_view.py", line 33, in display_cmi_profile
    return render(request, "pages/cmi-user-profile.html", context)
  File "C:\Users\qiuqi\Desktop\km-system-v2\km-env\lib\site-packages\django\shortcuts.py", line 24, in render
    content = loader.render_to_string(template_name, context, request, using=using)
  File "C:\Users\qiuqi\Desktop\km-system-v2\km-env\lib\site-packages\django\template\loader.py", line 62, in render_to_string
    return template.render(context, request)
  File "C:\Users\qiuqi\Desktop\km-system-v2\km-env\lib\site-packages\django\template\backends\django.py", line 61, in render
    return self.template.render(context)
  File "C:\Users\qiuqi\Desktop\km-system-v2\km-env\lib\site-packages\django\template\base.py", line 175, in render
    return self._render(context)
  File "C:\Users\qiuqi\Desktop\km-system-v2\km-env\lib\site-packages\django\template\base.py", line 167, in _render
    return self.nodelist.render(context)
  File "C:\Users\qiuqi\Desktop\km-system-v2\km-env\lib\site-packages\django\template\base.py", line 1005, in render
    return SafeString("".join([node.render_annotated(context) for node in self]))
  File "C:\Users\qiuqi\Desktop\km-system-v2\km-env\lib\site-packages\django\template\base.py", line 1005, in <listcomp>
    return SafeString("".join([node.render_annotated(context) for node in self]))
  File "C:\Users\qiuqi\Desktop\km-system-v2\km-env\lib\site-packages\django\template\base.py", line 966, in render_annotated
    return self.render(context)
  File "C:\Users\qiuqi\Desktop\km-system-v2\km-env\lib\site-packages\django\template\loader_tags.py", line 157, in render
    return compiled_parent._render(context)
  File "C:\Users\qiuqi\Desktop\km-system-v2\km-env\lib\site-packages\django\template\base.py", line 167, in _render
    return self.nodelist.render(context)
  File "C:\Users\qiuqi\Desktop\km-system-v2\km-env\lib\site-packages\django\template\base.py", line 1005, in render
    return SafeString("".join([node.render_annotated(context) for node in self]))
  File "C:\Users\qiuqi\Desktop\km-system-v2\km-env\lib\site-packages\django\template\base.py", line 1005, in <listcomp>
    return SafeString("".join([node.render_annotated(context) for node in self]))
  File "C:\Users\qiuqi\Desktop\km-system-v2\km-env\lib\site-packages\django\template\base.py", line 966, in render_annotated
    return self.render(context)
  File "C:\Users\qiuqi\Desktop\km-system-v2\km-env\lib\site-packages\django\template\loader_tags.py", line 63, in render
    result = block.nodelist.render(context)
  File "C:\Users\qiuqi\Desktop\km-system-v2\km-env\lib\site-packages\django\template\base.py", line 1005, in render
    return SafeString("".join([node.render_annotated(context) for node in self]))
  File "C:\Users\qiuqi\Desktop\km-system-v2\km-env\lib\site-packages\django\template\base.py", line 1005, in <listcomp>
    return SafeString("".join([node.render_annotated(context) for node in self]))
  File "C:\Users\qiuqi\Desktop\km-system-v2\km-env\lib\site-packages\django\template\base.py", line 966, in render_annotated
    return self.render(context)
  File "C:\Users\qiuqi\Desktop\km-system-v2\km-env\lib\site-packages\django\template\defaulttags.py", line 471, in render
    url = reverse(view_name, args=args, kwargs=kwargs, current_app=current_app)
  File "C:\Users\qiuqi\Desktop\km-system-v2\km-env\lib\site-packages\django\urls\base.py", line 88, in reverse
    return resolver._reverse_with_prefix(view, prefix, *args, **kwargs)
  File "C:\Users\qiuqi\Desktop\km-system-v2\km-env\lib\site-packages\django\urls\resolvers.py", line 828, in _reverse_with_prefix
    raise NoReverseMatch(msg)
django.urls.exceptions.NoReverseMatch: Reverse for 'update-profile' not found. 'update-profile' is not a valid view function or pattern name.
[2025-04-22 13:53:29] Internal Server Error: /cmis/profile/
Traceback (most recent call last):
  File "C:\Users\qiuqi\Desktop\km-system-v2\km-env\lib\site-packages\django\core\handlers\exception.py", line 55, in inner
    response = get_response(request)
  File "C:\Users\qiuqi\Desktop\km-system-v2\km-env\lib\site-packages\django\core\handlers\base.py", line 197, in _get_response
    response = wrapped_callback(request, *callback_args, **callback_kwargs)
  File "C:\Users\qiuqi\Desktop\km-system-v2\kmhub\appCmi\views\cmi_user_profile_view.py", line 33, in display_cmi_profile
    return render(request, "pages/cmi-user-profile.html", context)
  File "C:\Users\qiuqi\Desktop\km-system-v2\km-env\lib\site-packages\django\shortcuts.py", line 24, in render
    content = loader.render_to_string(template_name, context, request, using=using)
  File "C:\Users\qiuqi\Desktop\km-system-v2\km-env\lib\site-packages\django\template\loader.py", line 62, in render_to_string
    return template.render(context, request)
  File "C:\Users\qiuqi\Desktop\km-system-v2\km-env\lib\site-packages\django\template\backends\django.py", line 61, in render
    return self.template.render(context)
  File "C:\Users\qiuqi\Desktop\km-system-v2\km-env\lib\site-packages\django\template\base.py", line 175, in render
    return self._render(context)
  File "C:\Users\qiuqi\Desktop\km-system-v2\km-env\lib\site-packages\django\template\base.py", line 167, in _render
    return self.nodelist.render(context)
  File "C:\Users\qiuqi\Desktop\km-system-v2\km-env\lib\site-packages\django\template\base.py", line 1005, in render
    return SafeString("".join([node.render_annotated(context) for node in self]))
  File "C:\Users\qiuqi\Desktop\km-system-v2\km-env\lib\site-packages\django\template\base.py", line 1005, in <listcomp>
    return SafeString("".join([node.render_annotated(context) for node in self]))
  File "C:\Users\qiuqi\Desktop\km-system-v2\km-env\lib\site-packages\django\template\base.py", line 966, in render_annotated
    return self.render(context)
  File "C:\Users\qiuqi\Desktop\km-system-v2\km-env\lib\site-packages\django\template\loader_tags.py", line 157, in render
    return compiled_parent._render(context)
  File "C:\Users\qiuqi\Desktop\km-system-v2\km-env\lib\site-packages\django\template\base.py", line 167, in _render
    return self.nodelist.render(context)
  File "C:\Users\qiuqi\Desktop\km-system-v2\km-env\lib\site-packages\django\template\base.py", line 1005, in render
    return SafeString("".join([node.render_annotated(context) for node in self]))
  File "C:\Users\qiuqi\Desktop\km-system-v2\km-env\lib\site-packages\django\template\base.py", line 1005, in <listcomp>
    return SafeString("".join([node.render_annotated(context) for node in self]))
  File "C:\Users\qiuqi\Desktop\km-system-v2\km-env\lib\site-packages\django\template\base.py", line 966, in render_annotated
    return self.render(context)
  File "C:\Users\qiuqi\Desktop\km-system-v2\km-env\lib\site-packages\django\template\loader_tags.py", line 63, in render
    result = block.nodelist.render(context)
  File "C:\Users\qiuqi\Desktop\km-system-v2\km-env\lib\site-packages\django\template\base.py", line 1005, in render
    return SafeString("".join([node.render_annotated(context) for node in self]))
  File "C:\Users\qiuqi\Desktop\km-system-v2\km-env\lib\site-packages\django\template\base.py", line 1005, in <listcomp>
    return SafeString("".join([node.render_annotated(context) for node in self]))
  File "C:\Users\qiuqi\Desktop\km-system-v2\km-env\lib\site-packages\django\template\base.py", line 966, in render_annotated
    return self.render(context)
  File "C:\Users\qiuqi\Desktop\km-system-v2\km-env\lib\site-packages\django\template\defaulttags.py", line 471, in render
    url = reverse(view_name, args=args, kwargs=kwargs, current_app=current_app)
  File "C:\Users\qiuqi\Desktop\km-system-v2\km-env\lib\site-packages\django\urls\base.py", line 88, in reverse
    return resolver._reverse_with_prefix(view, prefix, *args, **kwargs)
  File "C:\Users\qiuqi\Desktop\km-system-v2\km-env\lib\site-packages\django\urls\resolvers.py", line 828, in _reverse_with_prefix
    raise NoReverseMatch(msg)
django.urls.exceptions.NoReverseMatch: Reverse for 'update-profile' not found. 'update-profile' is not a valid view function or pattern name.
[2025-04-22 14:08:19] C:\Users\qiuqi\Desktop\km-system-v2\kmhub\appCmi\views\cmi_user_profile_view.py changed, reloading.
[2025-04-22 14:08:20] Watching for file changes with StatReloader
[2025-04-22 14:09:32] C:\Users\qiuqi\Desktop\km-system-v2\kmhub\appAccounts\forms.py changed, reloading.
[2025-04-22 14:09:33] Watching for file changes with StatReloader
[2025-04-22 14:13:53] C:\Users\qiuqi\Desktop\km-system-v2\kmhub\appCmi\views\cmi_user_profile_view.py changed, reloading.
[2025-04-22 14:13:54] Watching for file changes with StatReloader
[2025-04-22 14:21:18] C:\Users\qiuqi\Desktop\km-system-v2\kmhub\appCmi\views\cmi_user_profile_view.py changed, reloading.
[2025-04-22 14:21:19] Watching for file changes with StatReloader
[2025-04-22 14:22:22] STREAM b'IHDR' 16 13
[2025-04-22 14:22:22] STREAM b'IHDR' 16 13
[2025-04-22 14:22:22] STREAM b'pHYs' 41 9
[2025-04-22 14:22:22] STREAM b'pHYs' 41 9
[2025-04-22 14:22:22] STREAM b'iCCP' 62 2639
[2025-04-22 14:22:22] STREAM b'iCCP' 62 2639
[2025-04-22 14:22:22] iCCP profile name b'Photoshop ICC profile'
[2025-04-22 14:22:22] iCCP profile name b'Photoshop ICC profile'
[2025-04-22 14:22:22] Compression method 0
[2025-04-22 14:22:22] Compression method 0
[2025-04-22 14:22:22] STREAM b'cHRM' 2713 32
[2025-04-22 14:22:22] STREAM b'cHRM' 2713 32
[2025-04-22 14:22:22] STREAM b'IDAT' 2757 116127
[2025-04-22 14:22:22] STREAM b'IDAT' 2757 116127
[2025-04-22 14:22:22] Importing BlpImagePlugin
[2025-04-22 14:22:22] Importing BlpImagePlugin
[2025-04-22 14:22:22] Importing BmpImagePlugin
[2025-04-22 14:22:22] Importing BmpImagePlugin
[2025-04-22 14:22:22] Importing BufrStubImagePlugin
[2025-04-22 14:22:22] Importing BufrStubImagePlugin
[2025-04-22 14:22:22] Importing CurImagePlugin
[2025-04-22 14:22:22] Importing CurImagePlugin
[2025-04-22 14:22:22] Importing DcxImagePlugin
[2025-04-22 14:22:22] Importing DcxImagePlugin
[2025-04-22 14:22:22] Importing DdsImagePlugin
[2025-04-22 14:22:22] Importing DdsImagePlugin
[2025-04-22 14:22:22] Importing EpsImagePlugin
[2025-04-22 14:22:22] Importing EpsImagePlugin
[2025-04-22 14:22:22] Importing FitsImagePlugin
[2025-04-22 14:22:22] Importing FitsImagePlugin
[2025-04-22 14:22:22] Importing FliImagePlugin
[2025-04-22 14:22:22] Importing FliImagePlugin
[2025-04-22 14:22:22] Importing FpxImagePlugin
[2025-04-22 14:22:22] Importing FpxImagePlugin
[2025-04-22 14:22:22] Image: failed to import FpxImagePlugin: No module named 'olefile'
[2025-04-22 14:22:22] Importing FtexImagePlugin
[2025-04-22 14:22:22] Image: failed to import FpxImagePlugin: No module named 'olefile'
[2025-04-22 14:22:22] Importing FtexImagePlugin
[2025-04-22 14:22:22] Importing GbrImagePlugin
[2025-04-22 14:22:22] Importing GbrImagePlugin
[2025-04-22 14:22:22] Importing GifImagePlugin
[2025-04-22 14:22:22] Importing GifImagePlugin
[2025-04-22 14:22:22] Importing GribStubImagePlugin
[2025-04-22 14:22:22] Importing GribStubImagePlugin
[2025-04-22 14:22:22] Importing Hdf5StubImagePlugin
[2025-04-22 14:22:22] Importing Hdf5StubImagePlugin
[2025-04-22 14:22:22] Importing IcnsImagePlugin
[2025-04-22 14:22:22] Importing IcnsImagePlugin
[2025-04-22 14:22:22] Importing IcoImagePlugin
[2025-04-22 14:22:22] Importing IcoImagePlugin
[2025-04-22 14:22:22] Importing ImImagePlugin
[2025-04-22 14:22:22] Importing ImImagePlugin
[2025-04-22 14:22:22] Importing ImtImagePlugin
[2025-04-22 14:22:22] Importing ImtImagePlugin
[2025-04-22 14:22:22] Importing IptcImagePlugin
[2025-04-22 14:22:22] Importing IptcImagePlugin
[2025-04-22 14:22:22] Importing JpegImagePlugin
[2025-04-22 14:22:22] Importing JpegImagePlugin
[2025-04-22 14:22:22] Importing Jpeg2KImagePlugin
[2025-04-22 14:22:22] Importing Jpeg2KImagePlugin
[2025-04-22 14:22:22] Importing McIdasImagePlugin
[2025-04-22 14:22:22] Importing McIdasImagePlugin
[2025-04-22 14:22:22] Importing MicImagePlugin
[2025-04-22 14:22:22] Importing MicImagePlugin
[2025-04-22 14:22:22] Image: failed to import MicImagePlugin: No module named 'olefile'
[2025-04-22 14:22:22] Importing MpegImagePlugin
[2025-04-22 14:22:22] Image: failed to import MicImagePlugin: No module named 'olefile'
[2025-04-22 14:22:22] Importing MpegImagePlugin
[2025-04-22 14:22:22] Importing MpoImagePlugin
[2025-04-22 14:22:22] Importing MpoImagePlugin
[2025-04-22 14:22:22] Importing MspImagePlugin
[2025-04-22 14:22:22] Importing MspImagePlugin
[2025-04-22 14:22:22] Importing PalmImagePlugin
[2025-04-22 14:22:22] Importing PalmImagePlugin
[2025-04-22 14:22:22] Importing PcdImagePlugin
[2025-04-22 14:22:22] Importing PcdImagePlugin
[2025-04-22 14:22:22] Importing PcxImagePlugin
[2025-04-22 14:22:22] Importing PcxImagePlugin
[2025-04-22 14:22:22] Importing PdfImagePlugin
[2025-04-22 14:22:22] Importing PdfImagePlugin
[2025-04-22 14:22:22] Importing PixarImagePlugin
[2025-04-22 14:22:22] Importing PixarImagePlugin
[2025-04-22 14:22:22] Importing PngImagePlugin
[2025-04-22 14:22:22] Importing PngImagePlugin
[2025-04-22 14:22:22] Importing PpmImagePlugin
[2025-04-22 14:22:22] Importing PpmImagePlugin
[2025-04-22 14:22:22] Importing PsdImagePlugin
[2025-04-22 14:22:22] Importing PsdImagePlugin
[2025-04-22 14:22:22] Importing QoiImagePlugin
[2025-04-22 14:22:22] Importing QoiImagePlugin
[2025-04-22 14:22:22] Importing SgiImagePlugin
[2025-04-22 14:22:22] Importing SgiImagePlugin
[2025-04-22 14:22:22] Importing SpiderImagePlugin
[2025-04-22 14:22:22] Importing SpiderImagePlugin
[2025-04-22 14:22:22] Importing SunImagePlugin
[2025-04-22 14:22:22] Importing SunImagePlugin
[2025-04-22 14:22:22] Importing TgaImagePlugin
[2025-04-22 14:22:22] Importing TgaImagePlugin
[2025-04-22 14:22:22] Importing TiffImagePlugin
[2025-04-22 14:22:22] Importing TiffImagePlugin
[2025-04-22 14:22:22] Importing WebPImagePlugin
[2025-04-22 14:22:22] Importing WebPImagePlugin
[2025-04-22 14:22:22] Importing WmfImagePlugin
[2025-04-22 14:22:22] Importing WmfImagePlugin
[2025-04-22 14:22:22] Importing XbmImagePlugin
[2025-04-22 14:22:22] Importing XbmImagePlugin
[2025-04-22 14:22:22] Importing XpmImagePlugin
[2025-04-22 14:22:22] Importing XpmImagePlugin
[2025-04-22 14:22:22] Importing XVThumbImagePlugin
[2025-04-22 14:22:22] Importing XVThumbImagePlugin
[2025-04-22 14:26:13] STREAM b'IHDR' 16 13
[2025-04-22 14:26:13] STREAM b'pHYs' 41 9
[2025-04-22 14:26:13] STREAM b'iCCP' 62 2639
[2025-04-22 14:26:13] iCCP profile name b'Photoshop ICC profile'
[2025-04-22 14:26:13] Compression method 0
[2025-04-22 14:26:13] STREAM b'cHRM' 2713 32
[2025-04-22 14:26:13] STREAM b'IDAT' 2757 116127
[2025-04-22 14:26:13] STREAM b'IHDR' 16 13
[2025-04-22 14:26:13] STREAM b'pHYs' 41 9
[2025-04-22 14:26:13] STREAM b'iCCP' 62 2639
[2025-04-22 14:26:13] iCCP profile name b'Photoshop ICC profile'
[2025-04-22 14:26:13] Compression method 0
[2025-04-22 14:26:13] STREAM b'cHRM' 2713 32
[2025-04-22 14:26:13] STREAM b'IDAT' 2757 116127
